Total time taken for conversion: 00:00:00 seconds, Total retry count: 0, Total regenerate count: 0, Total error count:0
################################################################################################## Processing func: _bst_subtree_min_val
child_funs_list: [''], child_funs_c_list: ['_bst_subtree_min_val']
Total time taken for conversion: 00:00:00 seconds, Total retry count: 0, Total regenerate count: 0, Total error count:0
Total time taken for conversion: 00:00:00 seconds, Total retry count: 0, Total regenerate count: 0, Total error count:0
################################################################################################## Processing func: hash_key
################################################################################################## Processing func: quadtree_point_new
child_funs_list: [''], child_funs_c_list: ['hash_key']
child_funs_list: [''], child_funs_c_list: ['quadtree_point_new']
Total time taken for conversion: 00:00:00 seconds, Total retry count: 0, Total regenerate count: 0, Total error count:0
Total time taken for conversion: 00:00:00 seconds, Total retry count: 0, Total regenerate count: 0, Total error count:0
################################################################################################## Processing func: ParseURL
################################################################################################## Processing func: rgba_from_rgba
Total time taken for conversion: 00:00:00 seconds, Total retry count: 0, Total regenerate count: 0, Total error count:0
child_funs_list: [''], child_funs_c_list: ['ParseURL']
child_funs_list: [''], child_funs_c_list: ['rgba_from_rgba']
################################################################################################## Processing func: buffer_resize
child_funs_list: [''], child_funs_c_list: ['buffer_resize']
repair function list: dict_keys([''])
repair function list: dict_keys([''])
repair function list: dict_keys([''])
all_files_list: ['quadtree']
all_files_list: ['rgba']
all_files_list: ['ht']
repair function list: dict_keys([''])
Compilation failed for _bst_subtree_min_val, retrying... 1/11
repair function list: dict_keys([''])
all_files_list: ['buffer']
repair function list: dict_keys(['', '_bst_subtree_min_val'])
before_details_compile: struct bst_node {
  int val;
  struct bst_node* left;
  struct bst_node* right;
};
all_files:['test-rgba', 'rgba']
all_files:['test-ht', 'ht']
all_files:['test-buffer', 'buffer']
Compilation failed for processed_all_files.rs, retrying...
Processing extra insert
Processing extra insert
Processing extra insert
all_files_list: ['quadtree']
Compilation failed for compiling all_files processed_all_files.rs, retrying...
Failed to compile hash_key after 11 attempts. Regenerating code...
Total time taken for conversion: 00:00:05 seconds, Total retry count: 2, Total regenerate count: 0, Total error count:0
################################################################################################## Processing func: rgba_from_rgb
child_funs_list: ['rgba_from_rgba'], child_funs_c_list: ['rgba_from_rgb']
Total time taken for conversion: 00:00:05 seconds, Total retry count: 2, Total regenerate count: 0, Total error count:0
################################################################################################## Processing func: buffer_length
child_funs_list: [''], child_funs_c_list: ['buffer_length']
Compilation failed for processed_all_files.rs, retrying...
all_files_list: ['quadtree']
all_files:['test-quadtree', 'quadtree']
Processing extra insert
repair function list: dict_keys([''])
Compilation failed for buffer_length, retrying... 1/9
Total time taken for conversion: 00:00:06 seconds, Total retry count: 4, Total regenerate count: 0, Total error count:0
################################################################################################## Processing func: quadtree_point_free
child_funs_list: [''], child_funs_c_list: ['quadtree_point_free']
repair function list: dict_keys(['', 'buffer_length'])
before_details_compile: 
repair function list: dict_keys(['rgba_from_rgba'])
all_files_list: ['rgba']
all_files:['test-rgba', 'rgba']
Processing extra insert
repair function list: dict_keys([''])
Total time taken for conversion: 00:00:07 seconds, Total retry count: 4, Total regenerate count: 0, Total error count:0
################################################################################################## Processing func: h
child_funs_list: [''], child_funs_c_list: ['h']
all_files_list: ['quadtree']
all_files:['test-quadtree', 'quadtree']
all_files_list: ['ht']
Processing extra insert
all_files:['test-ht', 'ht']
Processing extra insert
Total time taken for conversion: 00:00:08 seconds, Total retry count: 4, Total regenerate count: 1, Total error count:0
################################################################################################## Processing func: quadtree_node_new
child_funs_list: [''], child_funs_c_list: ['quadtree_node_new']
all_files_list: ['buffer']
Total time taken for conversion: 00:00:08 seconds, Total retry count: 4, Total regenerate count: 1, Total error count:0
################################################################################################## Processing func: ht_set_entry
child_funs_list: ['hash_key'], child_funs_c_list: ['ht_set_entry']
all_files:['test-buffer', 'buffer']
Processing extra insert
all_files_list: ['bst']
all_files:['test-bst', 'bst']
Total time taken for conversion: 00:00:09 seconds, Total retry count: 4, Total regenerate count: 1, Total error count:0
################################################################################################## Processing func: buffer_new_with_size
child_funs_list: [''], child_funs_c_list: ['buffer_new_with_size']
Processing extra insert
Total time taken for conversion: 00:00:09 seconds, Total retry count: 4, Total regenerate count: 1, Total error count:0
################################################################################################## Processing func: _bst_subtree_remove
child_funs_list: ['_bst_subtree_min_val'], child_funs_c_list: ['_bst_subtree_remove']
repair function list: dict_keys([''])
all_files_list: ['rgba']
all_files:['test-rgba', 'rgba']
Processing extra insert
Total time taken for conversion: 00:00:10 seconds, Total retry count: 4, Total regenerate count: 1, Total error count:0
################################################################################################## Processing func: rgba_from_hex6_string
child_funs_list: ['h', 'rgba_from_rgb', 'rgba_from_rgba'], child_funs_c_list: ['rgba_from_hex6_string']
repair function list: dict_keys([''])
all_files_list: ['buffer']
all_files:['test-buffer', 'buffer']
Processing extra insert
Total time taken for conversion: 00:00:12 seconds, Total retry count: 4, Total regenerate count: 1, Total error count:0
################################################################################################## Processing func: buffer_append_n
child_funs_list: ['buffer_resize'], child_funs_c_list: ['buffer_append_n']
repair function list: dict_keys(['h', 'rgba_from_rgb', 'rgba_from_rgba'])
Compilation failed for rgba_from_hex6_string, retrying... 1/11
repair function list: dict_keys(['h', 'rgba_from_rgb', 'rgba_from_rgba', 'rgba_from_hex6_string'])
before_details_compile: 
repair function list: dict_keys(['hash_key'])
all_files_list: ['ht']
all_files:['test-ht', 'ht']
Processing extra insert
repair function list: dict_keys([''])
Compilation failed for quadtree_node_new, retrying... 1/15
repair function list: dict_keys(['', 'quadtree_node_new'])
before_details_compile: } quadtree_node_t;
Total time taken for conversion: 00:00:15 seconds, Total retry count: 6, Total regenerate count: 1, Total error count:0
################################################################################################## Processing func: ht_expand
child_funs_list: ['ht_set_entry', 'hash_key'], child_funs_c_list: ['ht_expand']
repair function list: dict_keys(['buffer_resize'])
Compilation failed for buffer_append_n, retrying... 1/9
repair function list: dict_keys(['buffer_resize', 'buffer_append_n'])
before_details_compile: 
all_files_list: ['rgba']
all_files:['test-rgba', 'rgba']
Processing extra insert
repair function list: dict_keys(['_bst_subtree_min_val'])
Compilation failed for _bst_subtree_remove, retrying... 1/11
repair function list: dict_keys(['_bst_subtree_min_val', '_bst_subtree_remove'])
before_details_compile: 
Total time taken for conversion: 00:00:17 seconds, Total retry count: 8, Total regenerate count: 1, Total error count:0
################################################################################################## Processing func: rgba_from_hex3_string
child_funs_list: ['h', 'rgba_from_rgb', 'rgba_from_rgba'], child_funs_c_list: ['rgba_from_hex3_string']
all_files_list: ['bst']
all_files:['test-bst', 'bst']
Processing extra insert
Total time taken for conversion: 00:00:19 seconds, Total retry count: 8, Total regenerate count: 1, Total error count:0
################################################################################################## Processing func: _bst_node_create
child_funs_list: [''], child_funs_c_list: ['_bst_node_create']
repair function list: dict_keys(['ht_set_entry', 'hash_key'])
Compilation failed for ht_expand, retrying... 1/9
repair function list: dict_keys(['ht_set_entry', 'hash_key', 'ht_expand'])
before_details_compile: 
repair function list: dict_keys(['h', 'rgba_from_rgb', 'rgba_from_rgba'])
Compilation failed for rgba_from_hex3_string, retrying... 1/11
repair function list: dict_keys(['h', 'rgba_from_rgb', 'rgba_from_rgba', 'rgba_from_hex3_string'])
before_details_compile: 
repair function list: dict_keys([''])
all_files_list: ['bst']
all_files:['test-bst', 'bst']
Processing extra insert
Total time taken for conversion: 00:00:22 seconds, Total retry count: 10, Total regenerate count: 1, Total error count:0
################################################################################################## Processing func: bst_remove
child_funs_list: ['_bst_subtree_remove', '_bst_subtree_min_val'], child_funs_c_list: ['bst_remove']
all_files_list: ['ht']
all_files:['test-ht', 'ht']
Processing extra insert
Total time taken for conversion: 00:00:23 seconds, Total retry count: 10, Total regenerate count: 1, Total error count:0
################################################################################################## Processing func: ht_create
child_funs_list: [''], child_funs_c_list: ['ht_create']
all_files_list: ['quadtree']
all_files:['test-quadtree', 'quadtree']
Processing extra insert
repair function list: dict_keys(['_bst_subtree_remove', '_bst_subtree_min_val'])
all_files_list: ['bst']
Total time taken for conversion: 00:00:24 seconds, Total retry count: 10, Total regenerate count: 1, Total error count:0
################################################################################################## Processing func: quadtree_bounds_extend
child_funs_list: [''], child_funs_c_list: ['quadtree_bounds_extend']
all_files:['test-bst', 'bst']
all_files_list: ['rgba']
Processing extra insert
all_files:['test-rgba', 'rgba']
Processing extra insert
Total time taken for conversion: 00:00:25 seconds, Total retry count: 10, Total regenerate count: 1, Total error count:0
################################################################################################## Processing func: bst_isempty
child_funs_list: [''], child_funs_c_list: ['bst_isempty']
Total time taken for conversion: 00:00:25 seconds, Total retry count: 10, Total regenerate count: 1, Total error count:0
################################################################################################## Processing func: rgba_from_rgb_string
child_funs_list: ['rgba_from_rgb', 'rgba_from_rgba'], child_funs_c_list: ['rgba_from_rgb_string']
repair function list: dict_keys([''])
repair function list: dict_keys([''])
all_files_list: ['ht']
Compilation failed for ParseURL, retrying... 1/5
repair function list: dict_keys(['', 'ParseURL'])
before_details_compile: 
all_files:['test-ht', 'ht']
Processing extra insert
repair function list: dict_keys([''])
all_files_list: ['bst']
repair function list: dict_keys([''])
Total time taken for conversion: 00:00:27 seconds, Total retry count: 11, Total regenerate count: 1, Total error count:0
################################################################################################## Processing func: ht_get
child_funs_list: ['hash_key'], child_funs_c_list: ['ht_get']
all_files_list: ['quadtree']
all_files:['test-bst', 'bst']
Processing extra insert
all_files:['test-quadtree', 'quadtree']
Processing extra insert
Total time taken for conversion: 00:00:27 seconds, Total retry count: 11, Total regenerate count: 1, Total error count:0
################################################################################################## Processing func: _bst_subtree_insert
child_funs_list: ['_bst_node_create'], child_funs_c_list: ['_bst_subtree_insert']
Total time taken for conversion: 00:00:28 seconds, Total retry count: 11, Total regenerate count: 1, Total error count:0
################################################################################################## Processing func: quadtree_bounds_new
child_funs_list: ['quadtree_point_new'], child_funs_c_list: ['quadtree_bounds_new']
# Trajectory 1: 这一次我插入了一个名为`nearest_multiple_of`的函数实现，该函数用于计算最接近指定基数的倍数。同时我在`buffer_append_n`函数的泛型约束中添加了`std::str::FromStr` trait，以支持字符串到类型T的转换。报错信息显示两个问题：1) 最初报错是因为找不到`nearest_multiple_of`函数，这通过插入该函数定义解决；2) 新的报错是关于`FromStr::Err`没有实现`Debug` trait，这发生在尝试使用`unwrap()`处理字符串解析结果时，因为Rust的`unwrap()`要求错误类型必须实现`Debug` trait以便在panic时能打印错误信息。
Compilation failed for buffer_append_n, retrying... 2/9
repair function list: dict_keys(['nearest_multiple_of', 'buffer_resize', 'buffer_append_n'])
before_details_compile: 
repair function list: dict_keys(['hash_key'])
all_files_list: ['ht']
all_files:['test-ht', 'ht']
Processing extra insert
repair function list: dict_keys(['_bst_node_create'])
all_files_list: ['bst']
all_files:['test-bst', 'bst']
Total time taken for conversion: 00:00:31 seconds, Total retry count: 12, Total regenerate count: 1, Total error count:0
################################################################################################## Processing func: ht_destroy
child_funs_list: [''], child_funs_c_list: ['ht_destroy']
Processing extra insert
repair function list: dict_keys(['rgba_from_rgb', 'rgba_from_rgba'])
Total time taken for conversion: 00:00:31 seconds, Total retry count: 12, Total regenerate count: 1, Total error count:0
################################################################################################## Processing func: bst_contains
child_funs_list: [''], child_funs_c_list: ['bst_contains']
all_files_list: ['rgba']
all_files:['test-rgba', 'rgba']
Processing extra insert
Total time taken for conversion: 00:00:32 seconds, Total retry count: 12, Total regenerate count: 1, Total error count:0
################################################################################################## Processing func: rgba_from_hex_string
child_funs_list: ['rgba_from_hex3_string', 'rgba_from_hex6_string', 'h', 'rgba_from_rgb', 'rgba_from_rgba'], child_funs_c_list: ['rgba_from_hex_string']
repair function list: dict_keys([''])
Compilation failed for ht_destroy, retrying... 1/7
repair function list: dict_keys(['', 'ht_destroy'])
before_details_compile: 
repair function list: dict_keys(['quadtree_point_new'])
Compilation failed for quadtree_bounds_new, retrying... 1/15
repair function list: dict_keys(['quadtree_point_new', 'quadtree_bounds_new'])
before_details_compile: 
repair function list: dict_keys(['rgba_from_hex3_string', 'rgba_from_hex6_string', 'h', 'rgba_from_rgb', 'rgba_from_rgba'])
repair function list: dict_keys([''])
all_files_list: ['rgba']
all_files_list: ['bst']
all_files:['test-rgba', 'rgba']
all_files:['test-bst', 'bst']
Processing extra insert
Processing extra insert
Total time taken for conversion: 00:00:36 seconds, Total retry count: 14, Total regenerate count: 1, Total error count:0
################################################################################################## Processing func: rgba_from_rgba_string
child_funs_list: ['rgba_from_rgba'], child_funs_c_list: ['rgba_from_rgba_string']
Total time taken for conversion: 00:00:36 seconds, Total retry count: 14, Total regenerate count: 1, Total error count:0
################################################################################################## Processing func: bst_free
child_funs_list: ['bst_isempty', 'bst_remove', '_bst_subtree_remove', '_bst_subtree_min_val'], child_funs_c_list: ['bst_free']
repair function list: dict_keys(['bst_isempty', 'bst_remove', '_bst_subtree_remove', '_bst_subtree_min_val'])
# Trajectory 2: 这次修改过程中，我在Buffer结构体实现后插入了一个新的函数定义`fn nearest_multiple_of(base: usize, n: usize) -> usize`，该函数计算大于等于n的最接近base的倍数。同时删除了7个空行保持代码整洁。报错信息显示编译器无法在当前作用域找到`nearest_multiple_of`函数，错误代码出现在第12行调用该函数的位置，报错类型为E0425（未找到名称）。这次修改添加了缺失的函数定义，解决了之前调用未定义函数的问题。
Compilation failed for buffer_append_n, retrying... 3/9
repair function list: dict_keys(['nearest_multiple_of', 'buffer_resize', 'buffer_append_n'])
before_details_compile: 
# Trajectory 1: 这一次我修改了`ht_destroy`函数的实现，主要改动是删除了多行空行和错误的`main`函数声明，并将原本直接遍历`table.entries`改为先通过`let entries = table.entries`提取出entries字段再遍历。关键修改点包括：删除了18行空行和错误的`main`函数声明，在函数开头插入`let entries = table.entries`语句，将`for entry in table.entries`改为`for entry in entries`。报错信息指出在`drop(table)`时出现了部分移动值的使用错误，因为`table.entries`的移动导致`table`变为部分移动状态，而`Vec<HtEntry<T>>`类型没有实现`Copy` trait，所以在`drop(table)`时无法使用已经被部分移动的`table`值。
Compilation failed for ht_destroy, retrying... 2/7
all_files_list: ['bst']
repair function list: dict_keys(['ht_destroy'])
before_details_compile: 
repair function list: dict_keys(['rgba_from_rgba'])
all_files:['test-bst', 'bst']
Compilation failed for rgba_from_rgba_string, retrying... 1/9
all_files_list: ['quadtree']
repair function list: dict_keys(['rgba_from_rgba', 'rgba_from_rgba_string'])
before_details_compile: 
Processing extra insert
all_files:['test-quadtree', 'quadtree']
Processing extra insert
Total time taken for conversion: 00:19:50 seconds, Total retry count: 17, Total regenerate count: 1, Total error count:0
################################################################################################## Processing func: bst_insert
child_funs_list: ['_bst_subtree_insert', '_bst_node_create'], child_funs_c_list: ['bst_insert']
Total time taken for conversion: 00:19:50 seconds, Total retry count: 17, Total regenerate count: 1, Total error count:0
################################################################################################## Processing func: node_contains_
child_funs_list: [''], child_funs_c_list: ['node_contains_']
Failed to compile rgba_from_rgba_string after 9 attempts. Regenerating code...
# Trajectory 1: 请求出错: Connection error.
Compilation failed for ParseURL, retrying... 2/5
# Trajectory 3: 请求出错: Connection error.
Compilation failed for buffer_append_n, retrying... 4/9
repair function list: dict_keys(['ParseURL', 'main'])
before_details_compile: 
repair function list: dict_keys(['buffer_resize', 'buffer_append_n', 'main'])
before_details_compile: 
# Trajectory 2: 请求出错: Connection error.
Compilation failed for ht_destroy, retrying... 3/7
repair function list: dict_keys(['ht_destroy', 'main'])
before_details_compile: 
repair function list: dict_keys(['_bst_subtree_insert', '_bst_node_create'])
Compilation failed for bst_insert, retrying... 1/7
repair function list: dict_keys(['_bst_subtree_insert', '_bst_node_create', 'bst_insert'])
before_details_compile: 
repair function list: dict_keys([''])
Compilation failed for node_contains_, retrying... 1/13
repair function list: dict_keys(['', 'node_contains_'])
before_details_compile: 
Failed to compile bst_insert after 7 attempts. Regenerating code...
# Trajectory 1: 请求出错: Connection error.
Compilation failed for rgba_from_rgba_string, retrying... 1/9
before_details_compile: 
Failed to compile node_contains_ after 13 attempts. Regenerating code...
# Trajectory 2: 请求出错: Connection error.
# Trajectory 4: 请求出错: Connection error.
Compilation failed for ParseURL, retrying... 3/5
Compilation failed for buffer_append_n, retrying... 5/9
repair function list: dict_keys(['buffer_resize', 'buffer_append_n', 'main'])
before_details_compile: 
repair function list: dict_keys(['ParseURL', 'main'])
before_details_compile: 
# Trajectory 3: 请求出错: Connection error.
Compilation failed for ht_destroy, retrying... 4/7
repair function list: dict_keys(['ht_destroy', 'main'])
before_details_compile: 
Failed to compile rgba_from_rgba_string after 9 attempts. Regenerating code...
# Trajectory 1: 请求出错: Connection error.
Compilation failed for bst_insert, retrying... 1/7
before_details_compile: 
# Trajectory 1: 请求出错: Connection error.
Compilation failed for node_contains_, retrying... 1/13
before_details_compile: 
# Trajectory 5: 请求出错: Connection error.
Compilation failed for buffer_append_n, retrying... 6/9
repair function list: dict_keys(['buffer_resize', 'buffer_append_n', 'main'])
before_details_compile: 
# Trajectory 3: 请求出错: Connection error.
Compilation failed for ParseURL, retrying... 4/5
repair function list: dict_keys(['ParseURL', 'main'])
before_details_compile: 
Failed to compile bst_insert after 7 attempts. Regenerating code...
# Trajectory 4: 请求出错: Connection error.
Compilation failed for ht_destroy, retrying... 5/7
repair function list: dict_keys(['ht_destroy', 'main'])
before_details_compile: 
# Trajectory 1: 请求出错: Connection error.
Compilation failed for rgba_from_rgba_string, retrying... 1/9
before_details_compile: 
Failed to compile node_contains_ after 13 attempts. Regenerating code...
Failed to compile rgba_from_rgba_string after 9 attempts. Regenerating code...
# Trajectory 5: 请求出错: Connection error.
Compilation failed for buffer_append_n, retrying... 7/9
repair function list: dict_keys(['buffer_resize', 'buffer_append_n', 'main'])
before_details_compile: 
# Trajectory 4: 请求出错: Connection error.
Failed to compile ParseURL after 5 attempts. Regenerating code...
# Trajectory 1: 请求出错: Connection error.
Compilation failed for bst_insert, retrying... 1/7
before_details_compile: 
# Trajectory 5: 请求出错: Connection error.
Compilation failed for ht_destroy, retrying... 6/7
repair function list: dict_keys(['ht_destroy', 'main'])
before_details_compile: 
# Trajectory 1: 请求出错: Connection error.
Compilation failed for node_contains_, retrying... 1/13
before_details_compile: 
Failed to compile bst_insert after 7 attempts. Regenerating code...
# Trajectory 1: 请求出错: Connection error.
Compilation failed for rgba_from_rgba_string, retrying... 1/9
before_details_compile: 
Failed to compile node_contains_ after 13 attempts. Regenerating code...
# Trajectory 5: 请求出错: Connection error.
Compilation failed for buffer_append_n, retrying... 8/9
repair function list: dict_keys(['buffer_resize', 'buffer_append_n', 'main'])
before_details_compile: 
# Trajectory 1: 请求出错: Connection error.
Compilation failed for ParseURL, retrying... 1/5
before_details_compile: 
Failed to compile rgba_from_rgba_string after 9 attempts. Regenerating code...
# Trajectory 5: 请求出错: Connection error.
Failed to compile ht_destroy after 7 attempts. Regenerating code...
# Trajectory 1: 请求出错: Connection error.
Compilation failed for bst_insert, retrying... 1/7
before_details_compile: 
Total time taken for conversion: 00:00:00 seconds, Total retry count: 17, Total regenerate count: 1, Total error count:0
################################################################################################## Processing func: ParseURL
child_funs_list: [''], child_funs_c_list: ['ParseURL']
Total time taken for conversion: 00:00:00 seconds, Total retry count: 17, Total regenerate count: 1, Total error count:0
################################################################################################## Processing func: buffer_append_n
child_funs_list: ['buffer_resize'], child_funs_c_list: ['buffer_append_n']
Total time taken for conversion: 00:00:00 seconds, Total retry count: 17, Total regenerate count: 1, Total error count:0
Total time taken for conversion: 00:00:00 seconds, Total retry count: 17, Total regenerate count: 1, Total error count:0
################################################################################################## Processing func: ht_destroy
################################################################################################## Processing func: bst_create
Total time taken for conversion: 00:00:00 seconds, Total retry count: 17, Total regenerate count: 1, Total error count:0
child_funs_list: [''], child_funs_c_list: ['ht_destroy']
Total time taken for conversion: 00:00:00 seconds, Total retry count: 17, Total regenerate count: 1, Total error count:0
child_funs_list: [''], child_funs_c_list: ['bst_create']
################################################################################################## Processing func: node_contains_
################################################################################################## Processing func: rgba_from_rgba_string
child_funs_list: [''], child_funs_c_list: ['node_contains_']
child_funs_list: ['rgba_from_rgba'], child_funs_c_list: ['rgba_from_rgba_string']
repair function list: dict_keys([''])
all_files_list: ['bst']
all_files:['test-bst', 'bst']
repair function list: dict_keys([''])
Processing extra insert
Compilation failed for ht_destroy, retrying... 1/9
repair function list: dict_keys(['', 'ht_destroy'])
before_details_compile: 
Total time taken for conversion: 00:00:02 seconds, Total retry count: 18, Total regenerate count: 1, Total error count:0
################################################################################################## Processing func: bst_insert
child_funs_list: ['_bst_subtree_insert', '_bst_node_create'], child_funs_c_list: ['bst_insert']
repair function list: dict_keys(['buffer_resize'])
Compilation failed for buffer_append_n, retrying... 1/11
repair function list: dict_keys(['buffer_resize', 'buffer_append_n'])
before_details_compile: 
repair function list: dict_keys([''])
Compilation failed for node_contains_, retrying... 1/13
repair function list: dict_keys(['', 'node_contains_'])
before_details_compile: 
repair function list: dict_keys(['_bst_subtree_insert', '_bst_node_create'])
all_files_list: ['bst']
all_files:['test-bst', 'bst']
Processing extra insert
Total time taken for conversion: 00:00:05 seconds, Total retry count: 20, Total regenerate count: 1, Total error count:0
################################################################################################## Processing func: test_bst
child_funs_list: ['bst_insert', 'bst_contains', 'bst_remove', 'bst_free', 'bst_create', '_bst_subtree_insert', '_bst_subtree_remove', 'bst_isempty', '_bst_node_create', '_bst_subtree_min_val'], child_funs_c_list: ['test_bst']
all_files_list: ['buffer']
all_files:['test-buffer', 'buffer']
Processing extra insert
Total time taken for conversion: 00:00:08 seconds, Total retry count: 20, Total regenerate count: 1, Total error count:0
################################################################################################## Processing func: buffer_trim_right
child_funs_list: ['buffer_length'], child_funs_c_list: ['buffer_trim_right']
# Trajectory 1: 这一次我修改了`ht_destroy`函数的实现，主要改动是：删除了原函数中直接遍历`table.entries`的循环，改为先通过`let entries = table.entries;`将entries提取出来，然后再用`for entry in entries`进行遍历。同时删除了`drop(table.entries);`语句。报错信息显示问题出在部分移动的值被重复使用，具体是当提取`table.entries`后，`table`被部分移动（因为`Vec<HtEntry<T>>`未实现`Copy` trait），但在函数最后又尝试使用`drop(table)`导致冲突，编译器提示"use of partially moved value: `table`"。
Compilation failed for ht_destroy, retrying... 2/9
repair function list: dict_keys(['ht_destroy'])
before_details_compile: 
repair function list: dict_keys(['rgba_from_rgba'])
Compilation failed for rgba_from_rgba_string, retrying... 1/9
repair function list: dict_keys(['rgba_from_rgba', 'rgba_from_rgba_string'])
before_details_compile: 
repair function list: dict_keys(['buffer_length'])
all_files_list: ['buffer']
all_files:['test-buffer', 'buffer']
repair function list: dict_keys(['bst_insert', 'bst_contains', 'bst_remove', 'bst_free', 'bst_create', '_bst_subtree_insert', '_bst_subtree_remove', 'bst_isempty', '_bst_node_create', '_bst_subtree_min_val'])
Processing extra insert
all_files_list: ['test-bst', 'bst']
all_files:['test-bst', 'bst']
Total time taken for conversion: 00:00:11 seconds, Total retry count: 22, Total regenerate count: 1, Total error count:0
################################################################################################## Processing func: buffer_trim_left
child_funs_list: [''], child_funs_c_list: ['buffer_trim_left']
Processing extra insert
all_files_list: ['ht']
all_files:['test-ht', 'ht']
Processing extra insert
Total time taken for conversion: 00:00:14 seconds, Total retry count: 22, Total regenerate count: 1, Total error count:0
################################################################################################## Processing func: ht_length
child_funs_list: [''], child_funs_c_list: ['ht_length']
repair function list: dict_keys([''])
Compilation failed for buffer_trim_left, retrying... 1/9
repair function list: dict_keys(['', 'buffer_trim_left'])
before_details_compile: 
all_files_list: ['quadtree']
all_files:['test-quadtree', 'quadtree']
Processing extra insert
repair function list: dict_keys([''])
all_files_list: ['ht']
Total time taken for conversion: 00:00:15 seconds, Total retry count: 23, Total regenerate count: 1, Total error count:0
################################################################################################## Processing func: quadtree_node_isleaf
child_funs_list: [''], child_funs_c_list: ['quadtree_node_isleaf']
all_files:['test-ht', 'ht']
Processing extra insert
Total time taken for conversion: 00:00:16 seconds, Total retry count: 23, Total regenerate count: 1, Total error count:0
################################################################################################## Processing func: ht_set
child_funs_list: ['ht_set_entry', 'ht_expand', 'hash_key'], child_funs_c_list: ['ht_set']
repair function list: dict_keys([''])
all_files_list: ['quadtree']
all_files:['test-quadtree', 'quadtree']
Processing extra insert
Total time taken for conversion: 00:00:18 seconds, Total retry count: 23, Total regenerate count: 1, Total error count:0
################################################################################################## Processing func: quadtree_node_with_bounds
child_funs_list: ['quadtree_node_new', 'quadtree_bounds_extend', 'quadtree_bounds_new', 'quadtree_point_new'], child_funs_c_list: ['quadtree_node_with_bounds']
repair function list: dict_keys(['ht_set_entry', 'ht_expand', 'hash_key'])
Compilation failed for ht_set, retrying... 1/9
repair function list: dict_keys(['ht_set_entry', 'ht_expand', 'hash_key', 'ht_set'])
before_details_compile: 
# Trajectory 1: 这一次我修改了函数签名，将参数从`mut self: Rc<RefCell<Buffer<T>>>`改为`buffer: Rc<RefCell<Buffer<T>>>`，并相应地将函数体内的`self.borrow_mut()`改为`buffer.borrow_mut()`。报错信息显示在调用`first.is_whitespace()`时出现错误，指出类型参数`T`没有实现`is_whitespace`方法，错误发生在判断空格字符的代码行`if !first.is_whitespace()`，编译器提示该方法在类型参数`T`中不存在。
Compilation failed for buffer_trim_left, retrying... 2/9
repair function list: dict_keys(['buffer_trim_left'])
before_details_compile: 
all_files_list: ['rgba']
all_files:['test-rgba', 'rgba']
Processing extra insert
Total time taken for conversion: 00:00:21 seconds, Total retry count: 25, Total regenerate count: 1, Total error count:0
################################################################################################## Processing func: rgba_from_name_string
child_funs_list: [''], child_funs_c_list: ['rgba_from_name_string']
repair function list: dict_keys([''])
repair function list: dict_keys(['quadtree_node_new', 'quadtree_bounds_extend', 'quadtree_bounds_new', 'quadtree_point_new'])
all_files_list: ['urlparser']
all_files_list: ['quadtree']
all_files:['test-urlparser', 'urlparser']
all_files:['test-quadtree', 'quadtree']
Processing extra insert
Processing extra insert
all_files_list: ['ht']
Total time taken for conversion: 00:00:22 seconds, Total retry count: 25, Total regenerate count: 1, Total error count:0
################################################################################################## Processing func: test_parse_url
child_funs_list: ['ParseURL'], child_funs_c_list: ['test_parse_url']
Compilation failed for processed_all_files.rs, retrying...
all_files_list: ['buffer']
Total time taken for conversion: 00:00:23 seconds, Total retry count: 26, Total regenerate count: 1, Total error count:0
################################################################################################## Processing func: quadtree_node_reset
child_funs_list: ['quadtree_point_free'], child_funs_c_list: ['quadtree_node_reset']
all_files:['test-buffer', 'buffer']
Processing extra insert
Total time taken for conversion: 00:00:24 seconds, Total retry count: 26, Total regenerate count: 1, Total error count:0
################################################################################################## Processing func: buffer_fill
child_funs_list: [''], child_funs_c_list: ['buffer_fill']
repair function list: dict_keys(['quadtree_point_free'])
# Trajectory 1: 这一次修改中，我在Ht结构体中新增了一个length字段(pub length: usize)，并在ht_set函数上添加了T: Clone的trait约束(pub fn ht_set<T: Clone>)。报错信息显示在初始化Ht结构体时缺少length字段(error[E0063]: missing field length in initializer of Ht<_>)，错误发生在代码第101行，提示在创建Ht实例时没有提供length字段的初始值。
Compilation failed for ht_set, retrying... 3/9
before_details_compile: 
Compilation failed for quadtree_node_reset, retrying... 1/13
repair function list: dict_keys(['quadtree_point_free', 'quadtree_node_reset'])
before_details_compile: 
repair function list: dict_keys([''])
Compilation failed for buffer_fill, retrying... 1/9
repair function list: dict_keys(['', 'buffer_fill'])
before_details_compile: 
all_files_list: ['buffer']
all_files:['test-buffer', 'buffer']
Processing extra insert
Total time taken for conversion: 00:00:29 seconds, Total retry count: 29, Total regenerate count: 1, Total error count:0
################################################################################################## Processing func: buffer_free
child_funs_list: [''], child_funs_c_list: ['buffer_free']
repair function list: dict_keys([''])
all_files_list: ['ht']
Compilation failed for buffer_free, retrying... 1/9
repair function list: dict_keys(['', 'buffer_free'])
before_details_compile: 
all_files:['test-ht', 'ht']
Processing extra insert
Total time taken for conversion: 00:00:31 seconds, Total retry count: 30, Total regenerate count: 1, Total error count:0
################################################################################################## Processing func: ht_iterator
child_funs_list: [''], child_funs_c_list: ['ht_iterator']
repair function list: dict_keys([''])
all_files_list: ['buffer']
all_files_list: ['ht']
all_files:['test-buffer', 'buffer']
all_files:['test-ht', 'ht']
Processing extra insert
Processing extra insert
all_files_list: ['quadtree']
Total time taken for conversion: 00:00:34 seconds, Total retry count: 30, Total regenerate count: 1, Total error count:0
################################################################################################## Processing func: equal
child_funs_list: [''], child_funs_c_list: ['equal']
all_files:['test-quadtree', 'quadtree']
Total time taken for conversion: 00:00:34 seconds, Total retry count: 30, Total regenerate count: 1, Total error count:0
################################################################################################## Processing func: ht_next
child_funs_list: [''], child_funs_c_list: ['ht_next']
Processing extra insert
Total time taken for conversion: 00:00:35 seconds, Total retry count: 30, Total regenerate count: 1, Total error count:0
################################################################################################## Processing func: elision_
child_funs_list: [''], child_funs_c_list: ['elision_']
repair function list: dict_keys([''])
all_files_list: ['quadtree']
repair function list: dict_keys([''])
all_files:['test-quadtree', 'quadtree']
all_files_list: ['test-buffer']
Processing extra insert
all_files:['test-buffer', 'buffer']
Processing extra insert
repair function list: dict_keys([''])
Total time taken for conversion: 00:00:37 seconds, Total retry count: 30, Total regenerate count: 1, Total error count:0
################################################################################################## Processing func: get_quadrant_
child_funs_list: ['node_contains_'], child_funs_c_list: ['get_quadrant_']
Compilation failed for ht_next, retrying... 1/7
repair function list: dict_keys(['', 'ht_next'])
before_details_compile: 
Compilation failed for compiling all_files processed_all_files.rs, retrying...
Failed to compile equal after 9 attempts. Regenerating code...
all_files_list: ['test-buffer']
all_files:['test-buffer', 'buffer']
Processing extra insert
Compilation failed for compiling all_files processed_all_files.rs, retrying...
Failed to compile equal after 9 attempts. Regenerating code...
repair function list: dict_keys(['node_contains_'])
all_files_list: ['quadtree']
all_files:['test-quadtree', 'quadtree']
Processing extra insert
repair function list: dict_keys(['ParseURL'])
all_files_list: ['test-buffer']
all_files_list: ['urlparser', 'test-urlparser']
Total time taken for conversion: 00:00:42 seconds, Total retry count: 31, Total regenerate count: 3, Total error count:0
################################################################################################## Processing func: quadtree_node_ispointer
child_funs_list: ['quadtree_node_isleaf'], child_funs_c_list: ['quadtree_node_ispointer']
all_files:['test-buffer', 'buffer']
all_files:['test-urlparser', 'urlparser']
Processing extra insert
Processing extra insert
Compilation failed for compiling all_files processed_all_files.rs, retrying...
Failed to compile equal after 9 attempts. Regenerating code...
repair function list: dict_keys(['quadtree_node_isleaf'])
all_files_list: ['quadtree']
Compilation failed for equal, retrying... 1/9
before_details_compile: 
all_files:['test-quadtree', 'quadtree']
Processing extra insert
# Trajectory 1: 这一次修改主要在两处添加了泛型约束：首先在`HtEntry<T>`结构体定义处添加了`<T: Clone>`约束，其次在`ht_next<T>`函数声明处也添加了相同的`<T: Clone>`约束。报错信息指出问题出在第11行的`Vec<HtEntry<T>>`处，因为`HtEntry`现在要求`T`必须实现`Clone`特性，但使用该结构体的泛型类型`T`没有对应的约束，导致编译器报错"the trait bound `T: Clone` is not satisfied"和"the trait `Clone` is not implemented for `T`"。
Compilation failed for ht_next, retrying... 2/7
repair function list: dict_keys(['ht_next'])
before_details_compile: 
Total time taken for conversion: 00:00:46 seconds, Total retry count: 33, Total regenerate count: 4, Total error count:0
################################################################################################## Processing func: quadtree_bounds_free
child_funs_list: ['quadtree_point_free'], child_funs_c_list: ['quadtree_bounds_free']
all_files_list: ['test-buffer']
all_files:['test-buffer', 'buffer']
Processing extra insert
repair function list: dict_keys(['quadtree_point_free'])
Compilation failed for compiling all_files processed_all_files.rs, retrying...
Failed to compile equal after 9 attempts. Regenerating code...
all_files_list: ['quadtree']
all_files:['test-quadtree', 'quadtree']
Processing extra insert
Total time taken for conversion: 00:00:49 seconds, Total retry count: 33, Total regenerate count: 4, Total error count:0
################################################################################################## Processing func: split_node_
child_funs_list: ['quadtree_node_with_bounds', 'quadtree_node_new', 'quadtree_bounds_extend', 'quadtree_bounds_new', 'quadtree_node_ispointer', 'quadtree_node_isleaf', 'get_quadrant_', 'quadtree_point_new', 'elision_', 'quadtree_node_reset', 'node_contains_', 'quadtree_point_free'], child_funs_c_list: ['split_node_', 'insert_', 'quadtree_node_isempty', 'reset_node_']
all_files_list: ['test-buffer']
all_files:['test-buffer', 'buffer']
Processing extra insert
Compilation failed for compiling all_files processed_all_files.rs, retrying...
Failed to compile equal after 5 regenerations. Skipping...
Total time taken for conversion: 00:00:51 seconds, Total retry count: 33, Total regenerate count: 5, Total error count:1
################################################################################################## Processing func: buffer_new
child_funs_list: ['buffer_new_with_size'], child_funs_c_list: ['buffer_new']
all_files_list: ['ht']
Compilation failed for processed_all_files.rs, retrying...
repair function list: dict_keys(['buffer_new_with_size'])
all_files_list: ['buffer']
all_files:['test-buffer', 'buffer']
Processing extra insert
Total time taken for conversion: 00:00:53 seconds, Total retry count: 34, Total regenerate count: 5, Total error count:1
################################################################################################## Processing func: buffer_size
child_funs_list: [''], child_funs_c_list: ['buffer_size']
repair function list: dict_keys([''])
all_files_list: ['buffer']
# Trajectory 2: 这一次的修改过程是在Ht和HtIterator结构体的泛型参数T中添加了Clone trait约束。具体修改是：将"pub struct Ht<T>"改为"pub struct Ht<T: Clone>"，以及将"pub struct HtIterator<T>"改为"pub struct HtIterator<T: Clone>"。报错信息显示在调用ht_length函数时出现了"the trait bound `T: Clone` is not satisfied"错误，指出在41行使用Ht<T>时未满足T需要实现Clone trait的约束，因为Ht结构体已被修改为要求T必须实现Clone trait。
Compilation failed for ht_next, retrying... 4/7
before_details_compile: 
all_files:['test-buffer', 'buffer']
Processing extra insert
Total time taken for conversion: 00:00:55 seconds, Total retry count: 35, Total regenerate count: 5, Total error count:1
################################################################################################## Processing func: buffer_new_with_copy
child_funs_list: ['buffer_new_with_size'], child_funs_c_list: ['buffer_new_with_copy']
repair function list: dict_keys(['buffer_new_with_size'])
Compilation failed for buffer_new_with_copy, retrying... 1/9
repair function list: dict_keys(['buffer_new_with_size', 'buffer_new_with_copy'])
before_details_compile: 
# Trajectory 3: 这一次修改是在`ht_length`函数中添加了`<T: Clone>`的trait约束。改错前的代码是`pub fn ht_length<T>(table: &Ht<T>) -> usize`，改错后的代码是`pub fn ht_length<T: Clone>(table: &Ht<T>) -> usize`。报错信息指出在`ht_iterator`函数中，当传递`Ht<T>`类型参数时，由于`Ht`结构体本身要求`T: Clone`，但`ht_iterator`函数没有对`T`添加相同的trait约束，导致了"the trait bound `T: Clone` is not satisfied"的错误。错误发生在`pub fn ht_iterator<T>(table: Ht<T>) -> HtIterator<T>`这一行，编译器提示`Ht`结构体要求`T`必须实现`Clone` trait。
Compilation failed for ht_next, retrying... 5/7
repair function list: dict_keys(['ht_length', 'ht_iterator', 'ht_next'])
before_details_compile: 
all_files_list: ['buffer']
all_files:['test-buffer', 'buffer']
Processing extra insert
Total time taken for conversion: 00:01:06 seconds, Total retry count: 37, Total regenerate count: 5, Total error count:1
################################################################################################## Processing func: buffer_append
child_funs_list: ['buffer_append_n', 'buffer_resize'], child_funs_c_list: ['buffer_append']
repair function list: dict_keys(['quadtree_node_with_bounds', 'quadtree_node_new', 'quadtree_bounds_extend', 'quadtree_bounds_new', 'quadtree_node_ispointer', 'quadtree_node_isleaf', 'get_quadrant_', 'quadtree_point_new', 'elision_', 'quadtree_node_reset', 'node_contains_', 'quadtree_point_free'])
Compilation failed for split_node_, retrying... 1/11
repair function list: dict_keys(['quadtree_node_with_bounds', 'quadtree_node_new', 'quadtree_bounds_extend', 'quadtree_bounds_new', 'quadtree_node_ispointer', 'quadtree_node_isleaf', 'get_quadrant_', 'quadtree_point_new', 'elision_', 'quadtree_node_reset', 'node_contains_', 'quadtree_point_free', 'split_node_', 'insert_', 'quadtree_node_isempty', 'reset_node_'])
before_details_compile: 
repair function list: dict_keys(['buffer_append_n', 'buffer_resize'])
Compilation failed for buffer_append, retrying... 1/9
repair function list: dict_keys(['buffer_append_n', 'buffer_resize', 'buffer_append'])
before_details_compile: 
# Trajectory 4: 这一次我修改了ht_iterator函数的声明，在泛型参数T后添加了: Clone的trait约束，将pub fn ht_iterator<T>(table: Ht<T>) -> HtIterator<T>改为pub fn ht_iterator<T: Clone>(table: Ht<T>) -> HtIterator<T>。报错信息显示在ht_create函数中，编译器提示T没有实现Clone trait，错误指向Ht结构体的定义，该结构体要求泛型T必须实现Clone trait，但ht_create函数中的泛型T没有这个约束。报错位置在ht_create函数返回的Option<Ht<T>>处，编译器明确指出"Ht结构体需要T实现Clone trait"。
Compilation failed for ht_next, retrying... 6/7
repair function list: dict_keys(['ht_iterator', 'ht_create', 'ht_next'])
before_details_compile: 
all_files_list: ['buffer']
all_files:['test-buffer', 'buffer']
Processing extra insert
Total time taken for conversion: 00:01:15 seconds, Total retry count: 40, Total regenerate count: 5, Total error count:1
################################################################################################## Processing func: buffer_appendf
child_funs_list: ['buffer_length', 'buffer_resize'], child_funs_c_list: ['buffer_appendf']
repair function list: dict_keys(['buffer_length', 'buffer_resize'])
Compilation failed for buffer_appendf, retrying... 1/9
repair function list: dict_keys(['buffer_length', 'buffer_resize', 'buffer_appendf'])
before_details_compile: 
# Trajectory 5: 本次修改是在ht_create函数中添加了`<T: Clone>`的trait约束，将原代码`pub fn ht_create<T>() -> Option<Ht<T>>`改为`pub fn ht_create<T: Clone>() -> Option<Ht<T>>`。报错信息显示问题出在ht_destroy函数，指出当传入Box<Ht<T>>时，由于Ht结构体本身要求T必须实现Clone trait，但ht_destroy函数没有对T进行相同的trait约束，导致编译器报错"the trait bound `T: Clone` is not satisfied"。错误位置在ht_destroy函数参数中的Box<Ht<T>>部分，编译器提示这个约束是由Ht结构体定义中的`pub struct Ht<T: Clone>`所要求的。
Failed to compile ht_next after 7 attempts. Regenerating code...
repair function list: dict_keys([''])
Compilation failed for rgba_from_name_string, retrying... 1/9
repair function list: dict_keys(['', 'rgba_from_name_string'])
before_details_compile: 
# Trajectory 1: 这一次修改中，我将函数`ht_next`的参数从`mut it: HtIterator<T>`改为`it: &mut HtIterator<T>`，并将内部对`it._table`的访问改为通过局部变量`table`引用。同时修改了函数返回值，从返回元组`(bool, HtIterator<T>, Option<String>, Option<T>)`改为简单返回`bool`，并在迭代器中直接设置`key`和`value`字段。报错信息指出在调用`table.entries[i].clone()`时，`HtEntry<T>`的克隆方法不可用，因为虽然结构体标注了`#[derive(Clone)]`，但泛型参数`T`没有实现`Clone` trait，导致派生宏无法为`HtEntry<T>`生成正确的`Clone`实现。
Compilation failed for ht_next, retrying... 1/7
before_details_compile: 
# Trajectory 1: 这一次修改主要涉及两个部分：首先是在文件顶部新增了`nearest_multiple_of`函数的实现，该函数用于计算最接近的倍数；其次是修改了`buffer_appendf`函数中对字符转换的处理方式，从原来的`c as T`改为`T::from(c)`，并相应地在泛型约束中添加了`From<char>`。报错信息显示在调用`nearest_multiple_of`函数时报错，提示该函数在作用域中未找到（error[E0425]），这表明虽然新增了函数实现，但可能由于作用域问题或者函数定义位置不当导致调用失败。
Compilation failed for buffer_appendf, retrying... 2/9
repair function list: dict_keys(['nearest_multiple_of', 'buffer_resize', 'buffer_appendf'])
before_details_compile: 
all_files_list: ['quadtree']
all_files:['test-quadtree', 'quadtree']
Processing extra insert
Total time taken for conversion: 00:01:33 seconds, Total retry count: 45, Total regenerate count: 6, Total error count:1
################################################################################################## Processing func: find_
child_funs_list: ['quadtree_node_isleaf', 'quadtree_node_ispointer', 'get_quadrant_', 'node_contains_'], child_funs_c_list: ['find_']
all_files_list: ['ht']
Compilation failed for processed_all_files.rs, retrying...
repair function list: dict_keys(['quadtree_node_isleaf', 'quadtree_node_ispointer', 'get_quadrant_', 'node_contains_'])
all_files_list: ['quadtree']
all_files:['test-quadtree', 'quadtree']
Processing extra insert
# Trajectory 2: 这一次修改主要是在多个泛型结构体和函数中添加了`Clone` trait约束。具体修改内容包括：1) 在`HtEntry<T>`结构体定义中添加`T: Clone`约束；2) 在`Ht<T>`结构体定义中添加`T: Clone`约束；3) 在`HtIterator<T>`结构体定义中添加`T: Clone`约束并新增了key和value字段；4) 在`ht_next<T>`函数定义中添加`T: Clone`约束。报错信息显示在`ht_length`函数中，当使用`&Ht<T>`参数时，编译器提示`T`没有实现`Clone` trait，而这是由`Ht<T>`结构体定义中的`T: Clone`约束所要求的。
Compilation failed for ht_next, retrying... 3/7
before_details_compile: 
Total time taken for conversion: 00:01:40 seconds, Total retry count: 47, Total regenerate count: 6, Total error count:1
################################################################################################## Processing func: quadtree_node_free
child_funs_list: ['quadtree_node_reset', 'quadtree_bounds_free', 'quadtree_point_free'], child_funs_c_list: ['quadtree_node_free']
# Trajectory 2: 这一次修改中，我插入了一个新的函数定义`fn nearest_multiple_of(base: usize, value: usize) -> usize { ((value + base - 1) / base) * base }`，该函数用于计算最接近给定基数的倍数。这个修改是为了解决之前代码中调用`nearest_multiple_of(1024, n)`时出现的"cannot find function `nearest_multiple_of` in this scope"错误（error[E0425]）。报错明确指出第16行的函数调用找不到对应的函数定义，因此我添加了这个缺失的辅助函数定义。
Compilation failed for buffer_appendf, retrying... 3/9
repair function list: dict_keys(['nearest_multiple_of', 'buffer_resize', 'buffer_appendf'])
before_details_compile: 
repair function list: dict_keys(['quadtree_node_reset', 'quadtree_bounds_free', 'quadtree_point_free'])
Compilation failed for quadtree_node_free, retrying... 1/9
repair function list: dict_keys(['quadtree_node_reset', 'quadtree_bounds_free', 'quadtree_point_free', 'quadtree_node_free'])
before_details_compile: 
# Trajectory 3: 这一次修改是在`ht_length`函数上添加了`T: Clone`的trait约束，修改前的语句是`pub fn ht_length<T>(table: &Ht<T>) -> usize`，修改后变为`pub fn ht_length<T: Clone>(table: &Ht<T>) -> usize`。报错信息指出在48行的`ht_iterator`函数中，参数`table: Ht<T>`需要`T`实现`Clone` trait，但当前的实现没有这个约束，而`Ht`结构体的定义要求`T: Clone`。报错的关键信息是"the trait `Clone` is not implemented for `T`"。
Compilation failed for ht_next, retrying... 4/7
repair function list: dict_keys(['ht_length', 'ht_iterator', 'ht_next'])
before_details_compile: 
# Trajectory 3: 这一次我插入了一个新的函数定义`pub fn nearest_multiple_of(base: usize, value: usize) -> usize { ((value + base - 1) / base) * base }`，用于计算最接近的base倍数。报错信息显示在调用`nearest_multiple_of(1024, n)`时找不到该函数，错误类型为E0425（作用域中找不到函数），说明在修改前该函数确实缺失导致编译错误。
Compilation failed for buffer_appendf, retrying... 4/9
repair function list: dict_keys(['nearest_multiple_of', 'buffer_resize', 'buffer_appendf'])
before_details_compile: 
# Trajectory 4: 这一次修改是在`ht_iterator`函数声明处添加了`T: Clone`的trait bound约束，修改前是`pub fn ht_iterator<T>(table: Ht<T>) -> HtIterator<T>`，修改后变为`pub fn ht_iterator<T: Clone>(table: Ht<T>) -> HtIterator<T>`，同时在结构体初始化时添加了`key: None`和`value: None`字段。报错信息指出在`ht_create`函数中，`Ht<T>`要求类型参数`T`必须实现`Clone` trait，但当前`T`没有这个约束，错误发生在第58行`pub fn ht_create<T>() -> Option<Ht<T>>`，编译器提示需要在`Ht`结构体定义处要求的`Clone` trait未被满足。
Compilation failed for ht_next, retrying... 5/7
repair function list: dict_keys(['ht_iterator', 'ht_create', 'ht_next'])
before_details_compile: 
all_files_list: ['quadtree']
all_files:['test-quadtree', 'quadtree']
Processing extra insert
Total time taken for conversion: 00:02:03 seconds, Total retry count: 52, Total regenerate count: 6, Total error count:1
################################################################################################## Processing func: quadtree_search
child_funs_list: ['find_', 'quadtree_node_isleaf', 'quadtree_node_ispointer', 'get_quadrant_', 'node_contains_'], child_funs_c_list: ['quadtree_search']
# Trajectory 4: 这一次修改中，我插入了一个名为`nearest_multiple_of`的新函数实现，该函数计算给定值的最近倍数。修改前的代码中`buffer_resize`函数直接调用了`nearest_multiple_of`但该函数不存在，修改后添加了这个函数的实现。报错信息明确指出在调用位置`nearest_multiple_of`找不到该函数（error[E0425]），具体报错位置是第16行的`let n = nearest_multiple_of(1024, n);`语句。
Compilation failed for buffer_appendf, retrying... 5/9
repair function list: dict_keys(['nearest_multiple_of', 'buffer_resize', 'buffer_appendf'])
before_details_compile: 
repair function list: dict_keys(['find_', 'quadtree_node_isleaf', 'quadtree_node_ispointer', 'get_quadrant_', 'node_contains_'])
Compilation failed for quadtree_search, retrying... 1/7
repair function list: dict_keys(['find_', 'quadtree_node_isleaf', 'quadtree_node_ispointer', 'get_quadrant_', 'node_contains_', 'quadtree_search'])
before_details_compile: 
# Trajectory 5: 这一次的修改是在`ht_create`函数中添加了泛型参数`T`的`Clone` trait约束，将`pub fn ht_create<T>() -> Option<Ht<T>>`改为`pub fn ht_create<T: Clone>() -> Option<Ht<T>>`。报错信息指出在`ht_destroy`函数中，当使用`Ht<T>`类型时，泛型参数`T`缺少`Clone` trait实现，错误指向第75行的`pub fn ht_destroy<T>(table: Box<Ht<T>>)`，提示`Ht`结构体要求`T`必须实现`Clone` trait（由第10行的`pub struct Ht<T: Clone>`定义）。
Compilation failed for ht_next, retrying... 6/7
repair function list: dict_keys(['ht_create', 'ht_destroy', 'ht_next'])
before_details_compile: 
# Trajectory 5: 这一次修改是在`ht_destroy`函数中添加了`<T: Clone>`的泛型约束，将`pub fn ht_destroy<T>(table: Box<Ht<T>>)`改为`pub fn ht_destroy<T: Clone>(table: Box<Ht<T>>)`。报错信息显示在`ht_set_entry`函数中，编译器指出`HtEntry<T>`需要`T`实现`Clone` trait，但当前泛型参数`T`没有这个约束，这与`HtEntry`结构体定义中的`T: Clone`要求冲突。报错位置是`ht_set_entry`函数中的`Vec<HtEntry<T>>`参数，错误代码为E0277，提示"the trait `Clone` is not implemented for `T`"。
Failed to compile ht_next after 7 attempts. Regenerating code...
# Trajectory 5: 这一次我插入了一个名为`nearest_multiple_of`的函数实现，该函数计算给定基准值(base)和输入值(value)的最小倍数。修改前该函数不存在导致报错，修改后完整实现了该函数。报错信息显示在调用`nearest_multiple_of(1024, n)`时找不到该函数，错误代码为E0425，提示"not found in this scope"。
Compilation failed for buffer_appendf, retrying... 6/9
repair function list: dict_keys(['nearest_multiple_of', 'buffer_resize', 'buffer_appendf'])
before_details_compile: 
all_files_list: ['quadtree']
all_files:['test-quadtree', 'quadtree']
Processing extra insert
Total time taken for conversion: 00:02:19 seconds, Total retry count: 57, Total regenerate count: 7, Total error count:1
################################################################################################## Processing func: quadtree_free
child_funs_list: ['elision_', 'quadtree_node_free', 'quadtree_node_reset', 'quadtree_bounds_free', 'quadtree_point_free'], child_funs_c_list: ['quadtree_free']
repair function list: dict_keys(['elision_', 'quadtree_node_free', 'quadtree_node_reset', 'quadtree_bounds_free', 'quadtree_point_free'])
Compilation failed for quadtree_free, retrying... 1/7
repair function list: dict_keys(['elision_', 'quadtree_node_free', 'quadtree_node_reset', 'quadtree_bounds_free', 'quadtree_point_free', 'quadtree_free'])
before_details_compile: 
# Trajectory 1: 这一次修改过程中，我修改了ht_next函数的实现，添加了循环注释和找到非空项时的注释。主要修改是在函数内部添加了两条注释，但保持了原有的逻辑结构。报错信息显示在尝试访问it.key和it.value时出现错误，编译器提示这两个字段在&mut HtIterator<T>类型中不存在，实际可用的字段只有_table和_index。错误发生在第49行和第50行，分别是尝试赋值it.key = entry.key和it.value = entry.value时出现的E0609类型错误，指出这些字段在迭代器结构中未被定义。
Compilation failed for ht_next, retrying... 1/7
before_details_compile: 
# Trajectory 5: 这一次我插入了一个名为`nearest_multiple_of`的函数实现，该函数计算最接近指定基数的倍数。插入位置在BUFFER_DEFAULT_SIZE常量定义之后，包含完整的函数体：`pub fn nearest_multiple_of(base: usize, value: usize) -> usize { ((value + base - 1) / base) * base }`。报错信息显示在buffer_resize函数中调用`nearest_multiple_of(1024, n)`时找不到该函数，错误代码为E0425，明确指出"not found in this scope"，说明之前的版本缺少这个必要函数的定义导致调用失败。
Compilation failed for buffer_appendf, retrying... 7/9
repair function list: dict_keys(['nearest_multiple_of', 'buffer_resize', 'buffer_appendf'])
before_details_compile: 
all_files_list: ['ht']
Compilation failed for processed_all_files.rs, retrying...
# Trajectory 2: 这一次我修改了HtIterator结构体的定义，在原有字段_table和_index的基础上新增了key和value字段，类型分别为Option<String>和Option<T>。同时修改了ht_next函数的实现，在找到非空条目时更新这些新增字段。报错信息显示在初始化HtIterator时缺少key和value字段的赋值，错误类型为E0063，具体指出"HtIterator { ... }"初始化器中缺少这两个字段。
Compilation failed for ht_next, retrying... 3/7
before_details_compile: 
all_files_list: ['ht']
all_files:['test-ht', 'ht']
Processing extra insert
all_files_list: ['quadtree']
Total time taken for conversion: 00:02:36 seconds, Total retry count: 62, Total regenerate count: 7, Total error count:1
################################################################################################## Processing func: test_ht_create_and_destroy
child_funs_list: ['ht_create', 'ht_length', 'ht_destroy'], child_funs_c_list: ['test_ht_create_and_destroy']
all_files:['test-quadtree', 'quadtree']
Processing extra insert
Total time taken for conversion: 00:02:37 seconds, Total retry count: 62, Total regenerate count: 7, Total error count:1
################################################################################################## Processing func: descent
child_funs_list: [''], child_funs_c_list: ['descent']
# Trajectory 5: 这一次修改是在代码中插入了一个名为`nearest_multiple_of`的函数实现，该函数用于计算最接近指定基数的倍数。修改前的代码中缺少这个函数定义，导致在`buffer_resize`函数中调用`nearest_multiple_of(1024, n)`时出现"cannot find function `nearest_multiple_of` in this scope"的编译错误（错误代码E0425）。报错信息明确指出在第16行找不到这个函数。修改后添加了这个函数的完整实现：`pub fn nearest_multiple_of(base: usize, value: usize) -> usize { ((value + base - 1) / base) * base }`，解决了函数未定义的问题。
Compilation failed for buffer_appendf, retrying... 8/9
repair function list: dict_keys(['nearest_multiple_of', 'buffer_resize', 'buffer_appendf'])
before_details_compile: 
repair function list: dict_keys(['ht_create', 'ht_length', 'ht_destroy'])
Compilation failed for test_ht_create_and_destroy, retrying... 1/7
repair function list: dict_keys(['ht_create', 'ht_length', 'ht_destroy', 'test_ht_create_and_destroy'])
before_details_compile: 
repair function list: dict_keys([''])
Compilation failed for descent, retrying... 1/7
repair function list: dict_keys(['', 'descent'])
before_details_compile: } quadtree_node_t;
#define test(fn) \
all_files_list: ['test-quadtree']
Compilation failed for processed_all_files.rs, retrying...
all_files_list: ['ht', 'test-ht']
all_files:['test-ht', 'ht']
Processing extra insert
# Trajectory 1: 上下文长度超过限制
Compilation failed for rgba_from_name_string, retrying... 2/9
before_details_compile: 
# Trajectory 1: 这一次我修改了代码，主要做了以下操作：1) 在文件顶部插入两行use语句 `use std::rc::Rc;` 和 `use std::cell::RefCell;`；2) 插入了一个结构体声明 `struct quadtree_node_t;`；3) 修改了descent函数的参数声明为 `node: Rc<RefCell<quadtree_node_t>>`。报错信息显示四个主要问题：1) `quadtree_node_t`被重复定义，原文件21行已定义带泛型参数T的结构体；2) `Rc`和`RefCell`被重复导入；3) descent函数中使用的`quadtree_node_t`缺少泛型参数T，与原始定义不匹配。错误明确指出结构体定义必须唯一且需要提供泛型参数。
Compilation failed for descent, retrying... 3/7
before_details_compile: 
# Trajectory 2: 这一次我修改了代码中的颜色名称列表，主要是将"transparent"颜色的值从0xFFFFFF00改为0x00000000，因为透明色应该是完全透明的黑色。然而由于上下文长度超过限制，导致实际修改未能完整呈现。报错信息显示预期遇到`!`或`::`标记，但实际遇到了文件结束标记，这表明在代码处理过程中出现了意外的提前终止，可能是因为系统在处理大型静态数组时遇到了限制。关键报错信息是"expected one of `!` or `::`, found `<eof>"，表明编译器在解析代码时遇到了意外结束。
Compilation failed for rgba_from_name_string, retrying... 3/9
repair function list: dict_keys(['rgba_from_name_string', 'main'])
before_details_compile: 
Total time taken for conversion: 00:02:48 seconds, Total retry count: 69, Total regenerate count: 7, Total error count:1
################################################################################################## Processing func: test_ht_set_and_get
child_funs_list: ['ht_length', 'ht_set', 'ht_get', 'ht_destroy', 'ht_create', 'ht_set_entry', 'ht_expand', 'hash_key'], child_funs_c_list: ['test_ht_set_and_get']
# Trajectory 5: 这一次修改中我在Buffer结构体后插入了一个新的函数定义`pub fn nearest_multiple_of(base: usize, value: usize) -> usize { ((value + base - 1) / base) * base }`，并在`buffer_resize`函数中调用了这个新函数`let n = nearest_multiple_of(1024, n);`。报错信息显示在调用`nearest_multiple_of`时出现作用域错误`error[E0425]: cannot find function 'nearest_multiple_of' in this scope`，说明虽然函数已定义但未被正确识别，可能是作用域或可见性问题。
Failed to compile buffer_appendf after 9 attempts. Regenerating code...
repair function list: dict_keys(['ht_length', 'ht_set', 'ht_get', 'ht_destroy', 'ht_create', 'ht_set_entry', 'ht_expand', 'hash_key'])
all_files_list: ['ht', 'test-ht']
all_files:['test-ht', 'ht']
Processing extra insert
all_files_list: ['test-quadtree', 'quadtree']
all_files:['test-quadtree', 'quadtree']
Processing extra insert
# Trajectory 1: 本次改错中，我删除了原Buffer结构体定义和相关的常量声明，并修改了buffer_appendf函数的实现。主要改动包括：1) 将原来的格式化写入方式改为直接用format!宏处理参数；2) 简化了数据追加过程，直接使用extend方法和字符转换。但引发了两个关键错误：1) 在buffer_resize函数中调用未定义的nearest_multiple_of函数（原代码第24行）；2) 在字符类型转换时尝试将char强制转换为泛型T，而Rust不允许这种非基本类型转换（原代码第53行）。报错信息明确指出nearest_multiple_of函数未找到(E0425)以及非法类型转换(E0605)。
Compilation failed for buffer_appendf, retrying... 1/9
before_details_compile: 
Total time taken for conversion: 00:02:57 seconds, Total retry count: 71, Total regenerate count: 8, Total error count:1
################################################################################################## Processing func: test_ht_update_value
child_funs_list: ['ht_length', 'ht_set', 'ht_get', 'ht_destroy', 'ht_create', 'ht_set_entry', 'ht_expand', 'hash_key'], child_funs_c_list: ['test_ht_update_value']
repair function list: dict_keys(['ht_length', 'ht_set', 'ht_get', 'ht_destroy', 'ht_create', 'ht_set_entry', 'ht_expand', 'hash_key'])
all_files_list: ['ht', 'test-ht']
all_files:['test-ht', 'ht']
Processing extra insert
# Trajectory 2: 本次修改中，我插入了一个新的函数定义`fn nearest_multiple_of(base: usize, n: usize) -> usize`，该函数位于Buffer结构体定义之后。同时删除了之前存在的多个空行。报错信息显示在调用`nearest_multiple_of(1024, n)`时找不到该函数（error[E0425]），说明在修改前该函数未被定义但被调用，而修改后正确地添加了这个缺失的函数定义。此外还修改了`buffer_appendf`函数的泛型约束，添加了`From<char>` trait约束，并将字符转换从`c as T`改为`T::from`调用。
Compilation failed for buffer_appendf, retrying... 2/9
repair function list: dict_keys(['nearest_multiple_of', 'buffer_resize', 'buffer_appendf'])
before_details_compile: 
Total time taken for conversion: 00:03:09 seconds, Total retry count: 72, Total regenerate count: 8, Total error count:1
################################################################################################## Processing func: test_ht_memory_management
child_funs_list: ['ht_next', 'ht_iterator', 'ht_set', 'ht_destroy', 'ht_create', 'ht_set_entry', 'ht_expand', 'hash_key'], child_funs_c_list: ['test_ht_memory_management']
Total time taken for conversion: 00:03:11 seconds, Total retry count: 72, Total regenerate count: 8, Total error count:1
################################################################################################## Processing func: quadtree_walk
child_funs_list: [''], child_funs_c_list: ['quadtree_walk']
repair function list: dict_keys(['ht_next', 'ht_iterator', 'ht_set', 'ht_destroy', 'ht_create', 'ht_set_entry', 'ht_expand', 'hash_key'])
all_files_list: ['ht', 'test-ht']
all_files:['test-ht', 'ht']
Processing extra insert
repair function list: dict_keys([''])
# Trajectory 3: 这一次修改中，我插入了一个新的函数定义语句`fn nearest_multiple_of(base: usize, n: usize) -> usize { ((n + base - 1) / base) * base }`，用于计算大于等于n的最接近base的倍数的数值。这个修改是为了解决报错信息中显示的"cannot find function `nearest_multiple_of` in this scope"错误，该错误指出在代码第18行调用`nearest_multiple_of(1024, n)`时找不到这个函数的定义。之前的代码中缺少这个必要的工具函数实现，导致编译器无法解析函数调用。
Compilation failed for buffer_appendf, retrying... 3/9
repair function list: dict_keys(['nearest_multiple_of', 'buffer_resize', 'buffer_appendf'])
before_details_compile: 
Compilation failed for quadtree_walk, retrying... 1/7
repair function list: dict_keys(['', 'quadtree_walk'])
before_details_compile: 
Total time taken for conversion: 00:03:18 seconds, Total retry count: 74, Total regenerate count: 8, Total error count:1
################################################################################################## Processing func: test_ht_iterator
child_funs_list: ['ht_next', 'ht_iterator', 'ht_set', 'ht_destroy', 'ht_create', 'ht_set_entry', 'ht_expand', 'hash_key'], child_funs_c_list: ['test_ht_iterator']
repair function list: dict_keys(['ht_next', 'ht_iterator', 'ht_set', 'ht_destroy', 'ht_create', 'ht_set_entry', 'ht_expand', 'hash_key'])
all_files_list: ['ht', 'test-ht']
all_files:['test-ht', 'ht']
Processing extra insert
# Trajectory 4: 这一次修改中，我在Buffer结构体定义后插入了一个新的函数定义`fn nearest_multiple_of(base: usize, n: usize) -> usize`，该函数用于计算大于等于n的最接近base的倍数。这个修改是为了解决之前报错信息中"cannot find function `nearest_multiple_of` in this scope"的问题，即代码中调用`nearest_multiple_of(1024, n)`时找不到该函数定义的错误。报错明确指出在18行调用处无法找到该函数，错误类型为E0425作用域查找失败。
Compilation failed for buffer_appendf, retrying... 4/9
repair function list: dict_keys(['nearest_multiple_of', 'buffer_resize', 'buffer_appendf'])
before_details_compile: 
Failed to compile rgba_from_name_string after 9 attempts. Regenerating code...
# Trajectory 1: 这一次修改中，我将原来的`descent(root.clone())`语句改为了先创建一个`root_clone`变量存储克隆值，再调用`descent(root_clone)`。报错信息指出在`ascent(root)`调用时出现了"use of partially moved value"错误，因为`root`在`if let Some(node) = root`时发生了部分移动，而后续又在`ascent(root)`中尝试使用这个已被部分移动的值。错误明确说明这是因为`Rc<RefCell<quadtree_node_t<T>>>`类型没有实现`Copy` trait导致的。
Compilation failed for quadtree_walk, retrying... 2/7
repair function list: dict_keys(['quadtree_walk'])
before_details_compile: 
# Trajectory 5: 这一次修改的过程是：在原代码中插入了一个新的函数定义`fn nearest_multiple_of(base: usize, n: usize) -> usize`，该函数用于计算大于等于n的最小的base的倍数。修改前的代码中缺少这个函数定义，导致在`buffer_resize`函数中调用`nearest_multiple_of(1024, n)`时出现"cannot find function `nearest_multiple_of` in this scope"的编译错误，错误信息明确指出在第18行找不到该函数。这次修改通过在文件顶部添加函数定义解决了作用域找不到函数的问题。
Compilation failed for buffer_appendf, retrying... 5/9
repair function list: dict_keys(['nearest_multiple_of', 'buffer_resize', 'buffer_appendf'])
before_details_compile: 
# Trajectory 5: 这一次修改过程中，我向代码中插入了一个名为`nearest_multiple_of`的函数定义，该函数的功能是计算最接近的base倍数。插入的函数位于文件顶部，包含11行代码（从`fn nearest_multiple_of(base: usize, n: usize) -> usize {`到结束的大括号）。修改前的代码中这个函数完全不存在，导致在`buffer_resize`函数中调用`nearest_multiple_of(1024, n)`时出现"cannot find function `nearest_multiple_of` in this scope"的编译错误（错误代码E0425），报错明确指出在第18行找不到该函数。
Compilation failed for buffer_appendf, retrying... 6/9
repair function list: dict_keys(['nearest_multiple_of', 'buffer_resize', 'buffer_appendf'])
before_details_compile: 
all_files_list: ['quadtree']
all_files:['test-quadtree', 'quadtree']
Processing extra insert
Total time taken for conversion: 00:03:51 seconds, Total retry count: 78, Total regenerate count: 8, Total error count:1
################################################################################################## Processing func: quadtree_new
child_funs_list: ['quadtree_node_with_bounds', 'quadtree_node_new', 'quadtree_bounds_extend', 'quadtree_bounds_new', 'quadtree_point_new'], child_funs_c_list: ['quadtree_new']
repair function list: dict_keys(['quadtree_node_with_bounds', 'quadtree_node_new', 'quadtree_bounds_extend', 'quadtree_bounds_new', 'quadtree_point_new'])
all_files_list: ['quadtree']
all_files:['test-quadtree', 'quadtree']
Processing extra insert
Total time taken for conversion: 00:03:56 seconds, Total retry count: 78, Total regenerate count: 8, Total error count:1
################################################################################################## Processing func: ascent
child_funs_list: [''], child_funs_c_list: ['ascent']
# Trajectory 5: 这一次修改中，我向代码中插入了一个名为`nearest_multiple_of`的函数定义，该函数位于文件顶部，用于计算大于等于n的最接近base的倍数。函数实现为`((n + base - 1) / base) * base`。修改前的代码中缺少这个函数定义，导致在`buffer_resize`函数中调用`nearest_multiple_of(1024, n)`时出现"cannot find function `nearest_multiple_of` in this scope"的编译错误（E0425），错误明确指出在第18行无法找到该函数。这次修改解决了函数未定义的错误。
Compilation failed for buffer_appendf, retrying... 7/9
repair function list: dict_keys(['nearest_multiple_of', 'buffer_resize', 'buffer_appendf'])
before_details_compile: 
repair function list: dict_keys([''])
Compilation failed for ascent, retrying... 1/7
repair function list: dict_keys(['', 'ascent'])
before_details_compile: #define test(fn) \
all_files_list: ['buffer']
all_files_list: ['test-quadtree']
all_files:['test-buffer', 'buffer']
Processing extra insert
Compilation failed for processed_all_files.rs, retrying...
Total time taken for conversion: 00:04:04 seconds, Total retry count: 81, Total regenerate count: 8, Total error count:1
################################################################################################## Processing func: buffer_trim
child_funs_list: ['buffer_trim_left', 'buffer_trim_right', 'buffer_length'], child_funs_c_list: ['buffer_trim']
# Trajectory 1: 这一次修改中，我插入了两行use语句："use std::rc::Rc;"和"use std::cell::RefCell;"在文件开头，用于引入Rc和RefCell类型。然而报错信息显示这两个类型被重复导入，错误代码E0252指出在文件第150行和第151行又重复导入了相同的Rc和RefCell类型，导致命名空间冲突。报错明确指出"Rc must be defined only once"和"RefCell must be defined only once"，说明同一模块中不能重复导入相同类型。
Compilation failed for ascent, retrying... 3/7
before_details_compile: 
repair function list: dict_keys(['buffer_trim_left', 'buffer_trim_right', 'buffer_length'])
Compilation failed for buffer_trim, retrying... 1/9
repair function list: dict_keys(['buffer_trim_left', 'buffer_trim_right', 'buffer_length', 'buffer_trim'])
before_details_compile: 
# Trajectory 1: 这一次我修改了`buffer_trim_left`函数的泛型参数声明，将原本的`Buffer<char>`改为`Buffer<T>`，目的是使函数更通用。但修改后出现了新的报错，报错信息表明在调用`is_whitespace()`方法时找不到该方法，因为泛型类型T没有实现这个方法，而原代码中`char`类型是有这个方法的。关键报错信息是"no method named `is_whitespace` found for type parameter `T`"，发生在`if !first.is_whitespace()`这一行。
Compilation failed for buffer_trim, retrying... 2/9
repair function list: dict_keys(['buffer_trim_left', 'buffer_trim'])
before_details_compile: 
all_files_list: ['test-quadtree', 'quadtree']
all_files:['test-quadtree', 'quadtree']
Processing extra insert
all_files_list: ['buffer']
all_files:['test-buffer', 'buffer']
Processing extra insert
Total time taken for conversion: 00:04:28 seconds, Total retry count: 84, Total regenerate count: 8, Total error count:1
################################################################################################## Processing func: buffer_indexof
child_funs_list: [''], child_funs_c_list: ['buffer_indexof']
repair function list: dict_keys([''])
Compilation failed for buffer_indexof, retrying... 1/9
repair function list: dict_keys(['', 'buffer_indexof'])
before_details_compile: 
all_files_list: ['rgba']
all_files:['test-rgba', 'rgba']
Processing extra insert
all_files_list: ['buffer']
Compilation failed for compiling all_files processed_all_files.rs, retrying...
Failed to compile rgba_from_name_string after 9 attempts. Regenerating code...
all_files:['test-buffer', 'buffer']
Processing extra insert
Total time taken for conversion: 00:04:38 seconds, Total retry count: 85, Total regenerate count: 9, Total error count:1
################################################################################################## Processing func: quadtree_insert
child_funs_list: ['quadtree_point_new', 'node_contains_', 'insert_', 'quadtree_point_free', 'quadtree_node_ispointer', 'quadtree_node_isempty', 'quadtree_node_isleaf', 'reset_node_', 'get_quadrant_', 'split_node_', 'elision_', 'quadtree_node_reset', 'quadtree_node_with_bounds', 'quadtree_node_new', 'quadtree_bounds_extend', 'quadtree_bounds_new'], child_funs_c_list: ['quadtree_insert']
Total time taken for conversion: 00:04:38 seconds, Total retry count: 85, Total regenerate count: 9, Total error count:1
################################################################################################## Processing func: buffer_slice
child_funs_list: ['buffer_new_with_size'], child_funs_c_list: ['buffer_slice']
repair function list: dict_keys(['buffer_new_with_size'])
all_files_list: ['buffer']
repair function list: dict_keys(['quadtree_point_new', 'node_contains_', 'insert_', 'quadtree_point_free', 'quadtree_node_ispointer', 'quadtree_node_isempty', 'quadtree_node_isleaf', 'reset_node_', 'get_quadrant_', 'split_node_', 'elision_', 'quadtree_node_reset', 'quadtree_node_with_bounds', 'quadtree_node_new', 'quadtree_bounds_extend', 'quadtree_bounds_new'])
Compilation failed for quadtree_insert, retrying... 1/7
all_files:['test-buffer', 'buffer']
repair function list: dict_keys(['quadtree_point_new', 'node_contains_', 'insert_', 'quadtree_point_free', 'quadtree_node_ispointer', 'quadtree_node_isempty', 'quadtree_node_isleaf', 'reset_node_', 'get_quadrant_', 'split_node_', 'elision_', 'quadtree_node_reset', 'quadtree_node_with_bounds', 'quadtree_node_new', 'quadtree_bounds_extend', 'quadtree_bounds_new', 'quadtree_insert'])
before_details_compile: 
Processing extra insert
Total time taken for conversion: 00:04:45 seconds, Total retry count: 86, Total regenerate count: 9, Total error count:1
################################################################################################## Processing func: buffer_compact
child_funs_list: ['buffer_length'], child_funs_c_list: ['buffer_compact']
repair function list: dict_keys(['buffer_length'])
all_files_list: ['buffer']
all_files:['test-buffer', 'buffer']
Processing extra insert
Total time taken for conversion: 00:04:49 seconds, Total retry count: 86, Total regenerate count: 9, Total error count:1
################################################################################################## Processing func: buffer_clear
child_funs_list: ['buffer_fill'], child_funs_c_list: ['buffer_clear']
repair function list: dict_keys(['buffer_fill'])
all_files_list: ['buffer']
all_files:['test-buffer', 'buffer']
Processing extra insert
Total time taken for conversion: 00:04:53 seconds, Total retry count: 86, Total regenerate count: 9, Total error count:1
################################################################################################## Processing func: buffer_equals
child_funs_list: [''], child_funs_c_list: ['buffer_equals']
repair function list: dict_keys([''])
Compilation failed for buffer_equals, retrying... 1/9
repair function list: dict_keys(['', 'buffer_equals'])
before_details_compile: 
all_files_list: ['buffer']
all_files_list: ['quadtree']
all_files:['test-buffer', 'buffer']
Processing extra insert
all_files:['test-quadtree', 'quadtree']
Processing extra insert
Total time taken for conversion: 00:05:00 seconds, Total retry count: 87, Total regenerate count: 9, Total error count:1
################################################################################################## Processing func: buffer_prepend
child_funs_list: ['buffer_resize'], child_funs_c_list: ['buffer_prepend']
Total time taken for conversion: 00:05:00 seconds, Total retry count: 87, Total regenerate count: 9, Total error count:1
################################################################################################## Processing func: test_points
child_funs_list: ['quadtree_point_new', 'quadtree_point_free'], child_funs_c_list: ['test_points']
repair function list: dict_keys(['quadtree_point_new', 'quadtree_point_free'])
all_files_list: ['test-quadtree', 'quadtree']
all_files:['test-quadtree', 'quadtree']
repair function list: dict_keys(['buffer_resize'])
Processing extra insert
all_files_list: ['buffer']
all_files:['test-buffer', 'buffer']
Processing extra insert
Total time taken for conversion: 00:05:06 seconds, Total retry count: 87, Total regenerate count: 9, Total error count:1
################################################################################################## Processing func: test_buffer_append_n
child_funs_list: ['buffer_new', 'buffer_append_n', 'buffer_length', 'buffer_free', 'buffer_new_with_size', 'buffer_resize'], child_funs_c_list: ['test_buffer_append_n', 'equal']
repair function list: dict_keys(['buffer_new', 'buffer_append_n', 'buffer_length', 'buffer_free', 'buffer_new_with_size', 'buffer_resize'])
Compilation failed for test_buffer_append_n, retrying... 1/5
repair function list: dict_keys(['buffer_new', 'buffer_append_n', 'buffer_length', 'buffer_free', 'buffer_new_with_size', 'buffer_resize', 'test_buffer_append_n', 'equal'])
before_details_compile: 
all_files_list: ['test-buffer', 'buffer']
all_files:['test-buffer', 'buffer']
Processing extra insert
Compilation failed for json processed_all_files.rs, retrying...
Failed to parse JSON response, skipping...
Total time taken for conversion: 00:05:18 seconds, Total retry count: 88, Total regenerate count: 9, Total error count:2
################################################################################################## Processing func: test_bounds
child_funs_list: ['quadtree_bounds_extend', 'quadtree_bounds_free', 'quadtree_bounds_new', 'quadtree_point_free', 'quadtree_point_new'], child_funs_c_list: ['test_bounds']
Total time taken for conversion: 00:05:21 seconds, Total retry count: 88, Total regenerate count: 9, Total error count:2
################################################################################################## Processing func: test_buffer_new
child_funs_list: ['buffer_free', 'buffer_size', 'buffer_length', 'buffer_new', 'buffer_new_with_size'], child_funs_c_list: ['test_buffer_new']
repair function list: dict_keys(['buffer_free', 'buffer_size', 'buffer_length', 'buffer_new', 'buffer_new_with_size'])
all_files_list: ['test-buffer', 'buffer']
Failed to compile test_buffer_new after 7 attempts. Regenerating code...
repair function list: dict_keys(['quadtree_bounds_extend', 'quadtree_bounds_free', 'quadtree_bounds_new', 'quadtree_point_free', 'quadtree_point_new'])
all_files_list: ['test-quadtree', 'quadtree']
all_files:['test-quadtree', 'quadtree']
Processing extra insert
Compilation failed for test_buffer_new, retrying... 1/7
before_details_compile: 
all_files_list: ['test-buffer', 'buffer']
Failed to compile test_buffer_new after 7 attempts. Regenerating code...
# Trajectory 1: 本次修改前后的代码对比显示，主要改动是在test_buffer_new函数中移除了main函数。报错信息指出在test_buffer_new函数中，变量buf在被unwrap()方法调用时发生了所有权转移，导致后续再次使用buf时出现"use of moved value"错误。关键错误出现在第63行，当尝试在第二个assert_eq中使用buf.unwrap()时，buf的所有权已经在第62行的第一次unwrap()调用时被转移。编译器提示可以考虑使用.as_ref()或.as_mut()来借用Option中的内容而不是获取所有权。
Compilation failed for test_buffer_new, retrying... 1/7
before_details_compile: 
Compilation failed for json processed_all_files.rs, retrying...
Failed to parse JSON response, skipping...
Total time taken for conversion: 00:05:39 seconds, Total retry count: 90, Total regenerate count: 11, Total error count:3
################################################################################################## Processing func: test_node
child_funs_list: ['quadtree_node_isleaf', 'quadtree_node_new', 'quadtree_node_ispointer', 'quadtree_node_isempty'], child_funs_c_list: ['test_node']
all_files_list: ['test-buffer', 'buffer']
Failed to compile test_buffer_new after 7 attempts. Regenerating code...
all_files_list: ['rgba']
all_files:['test-rgba', 'rgba']
Processing extra insert
repair function list: dict_keys(['quadtree_node_isleaf', 'quadtree_node_new', 'quadtree_node_ispointer', 'quadtree_node_isempty'])
all_files_list: ['test-buffer', 'buffer']
Compilation failed for test_node, retrying... 1/5
Failed to compile test_buffer_new after 7 attempts. Regenerating code...
repair function list: dict_keys(['quadtree_node_isleaf', 'quadtree_node_new', 'quadtree_node_ispointer', 'quadtree_node_isempty', 'test_node'])
before_details_compile: 
Total time taken for conversion: 00:05:43 seconds, Total retry count: 91, Total regenerate count: 13, Total error count:3
################################################################################################## Processing func: rgba_to_string
child_funs_list: [''], child_funs_c_list: ['rgba_to_string']
all_files_list: ['test-buffer', 'buffer']
Failed to compile test_buffer_new after 5 regenerations. Skipping...
Total time taken for conversion: 00:05:45 seconds, Total retry count: 91, Total regenerate count: 14, Total error count:4
################################################################################################## Processing func: test_buffer_fill
child_funs_list: ['buffer_free', 'buffer_fill', 'buffer_length', 'buffer_new_with_copy', 'buffer_new_with_size'], child_funs_c_list: ['test_buffer_fill']
repair function list: dict_keys([''])
repair function list: dict_keys(['buffer_free', 'buffer_fill', 'buffer_length', 'buffer_new_with_copy', 'buffer_new_with_size'])
all_files_list: ['rgba']
Compilation failed for test_buffer_fill, retrying... 1/7
repair function list: dict_keys(['buffer_free', 'buffer_fill', 'buffer_length', 'buffer_new_with_copy', 'buffer_new_with_size', 'test_buffer_fill'])
before_details_compile: 
all_files:['test-rgba', 'rgba']
Processing extra insert
Total time taken for conversion: 00:05:51 seconds, Total retry count: 92, Total regenerate count: 14, Total error count:4
################################################################################################## Processing func: rgba_new
child_funs_list: [''], child_funs_c_list: ['rgba_new']
repair function list: dict_keys([''])
all_files_list: ['rgba']
all_files:['test-rgba', 'rgba']
Processing extra insert
all_files_list: ['test-buffer', 'buffer']
all_files_list: ['test-quadtree', 'quadtree']
Failed to compile test_node after 5 attempts. Regenerating code...
all_files:['test-buffer', 'buffer']
Total time taken for conversion: 00:05:58 seconds, Total retry count: 92, Total regenerate count: 14, Total error count:4
################################################################################################## Processing func: rgba_from_string
child_funs_list: ['rgba_from_rgb_string', 'rgba_from_name_string', 'rgba_from_hex_string', 'rgba_from_rgba_string', 'rgba_from_rgb', 'rgba_from_hex3_string', 'rgba_from_hex6_string', 'rgba_from_rgba', 'h'], child_funs_c_list: ['rgba_from_string']
Processing extra insert
repair function list: dict_keys(['rgba_from_rgb_string', 'rgba_from_name_string', 'rgba_from_hex_string'])
all_files_list: ['rgba']
all_files:['test-rgba', 'rgba']
# Trajectory 1: 这一次我修改了test_node函数的定义，将其从`pub fn test_node<T>()`改为`pub fn test_node()`，并修改了其中调用quadtree_node_new时指定的泛型参数，从`::<T>`改为`::<quadtree_point_t>`。报错信息显示在调用unwrap()时出现了所有权问题，错误信息为"use of moved value: `node`"，指出node变量由于调用unwrap()方法而被移动，无法在后续断言中再次使用，因为Option的unwrap()方法会获取self的所有权。关键错误发生在第167行，当尝试在第二个断言中再次使用node.unwrap()时，node已经被第一个断言中的unwrap()调用移动了。
Compilation failed for test_node, retrying... 1/5
before_details_compile: 
Processing extra insert
Total time taken for conversion: 00:06:03 seconds, Total retry count: 93, Total regenerate count: 15, Total error count:4
################################################################################################## Processing func: test_buffer_append
child_funs_list: ['buffer_new', 'buffer_append', 'equal', 'buffer_length', 'buffer_free', 'buffer_new_with_size', 'buffer_append_n', 'buffer_resize'], child_funs_c_list: ['test_buffer_append']
Total time taken for conversion: 00:06:04 seconds, Total retry count: 93, Total regenerate count: 15, Total error count:4
################################################################################################## Processing func: test_to_string
child_funs_list: ['rgba_new', 'rgba_to_string'], child_funs_c_list: ['test_to_string']
repair function list: dict_keys(['buffer_new', 'buffer_append', 'equal', 'buffer_length', 'buffer_free', 'buffer_new_with_size', 'buffer_append_n', 'buffer_resize'])
all_files_list: ['test-buffer', 'buffer']
repair function list: dict_keys(['rgba_new', 'rgba_to_string'])
all_files:['test-buffer', 'buffer']
all_files_list: ['test-rgba', 'rgba']
Processing extra insert
all_files:['test-rgba', 'rgba']
Processing extra insert
Total time taken for conversion: 00:06:12 seconds, Total retry count: 93, Total regenerate count: 15, Total error count:4
################################################################################################## Processing func: test_buffer_new_with_size
child_funs_list: ['buffer_length', 'buffer_free', 'buffer_size', 'buffer_new_with_size'], child_funs_c_list: ['test_buffer_new_with_size']
repair function list: dict_keys(['buffer_length', 'buffer_free', 'buffer_size', 'buffer_new_with_size'])
Compilation failed for test_buffer_new_with_size, retrying... 1/7
repair function list: dict_keys(['buffer_length', 'buffer_free', 'buffer_size', 'buffer_new_with_size', 'test_buffer_new_with_size'])
before_details_compile: 
all_files_list: ['test-quadtree', 'quadtree']
all_files_list: ['test-buffer', 'buffer']
all_files:['test-quadtree', 'quadtree']
all_files:['test-buffer', 'buffer']
Processing extra insert
Processing extra insert
Total time taken for conversion: 00:06:24 seconds, Total retry count: 94, Total regenerate count: 15, Total error count:4
################################################################################################## Processing func: test_buffer_formatting
child_funs_list: ['buffer_free', 'buffer_appendf', 'buffer_new', 'equal', 'buffer_length', 'buffer_resize', 'buffer_new_with_size'], child_funs_c_list: ['test_buffer_formatting']
repair function list: dict_keys(['buffer_free', 'buffer_appendf', 'buffer_new', 'equal', 'buffer_length', 'buffer_resize', 'buffer_new_with_size'])
Compilation failed for test_buffer_formatting, retrying... 1/7
repair function list: dict_keys(['buffer_free', 'buffer_appendf', 'buffer_new', 'equal', 'buffer_length', 'buffer_resize', 'buffer_new_with_size', 'test_buffer_formatting'])
before_details_compile: 
all_files_list: ['test-buffer', 'buffer']
all_files:['test-buffer', 'buffer']
Processing extra insert
Total time taken for conversion: 00:06:39 seconds, Total retry count: 95, Total regenerate count: 15, Total error count:4
################################################################################################## Processing func: test_tree
child_funs_list: ['quadtree_insert', 'ascent', 'quadtree_new', 'quadtree_walk', 'descent', 'quadtree_free', 'quadtree_search', 'quadtree_point_new', 'node_contains_', 'insert_', 'quadtree_point_free', 'quadtree_node_with_bounds', 'elision_', 'quadtree_node_free', 'find_', 'quadtree_node_ispointer', 'quadtree_node_isempty', 'quadtree_node_isleaf', 'reset_node_', 'get_quadrant_', 'split_node_', 'quadtree_node_new', 'quadtree_bounds_extend', 'quadtree_bounds_new', 'quadtree_node_reset', 'quadtree_bounds_free'], child_funs_c_list: ['test_tree']
Total time taken for conversion: 00:06:40 seconds, Total retry count: 95, Total regenerate count: 15, Total error count:4
################################################################################################## Processing func: test_buffer_trim
child_funs_list: ['buffer_trim_right', 'equal', 'buffer_trim_left', 'buffer_trim', 'buffer_free', 'buffer_new_with_copy', 'buffer_length', 'buffer_new_with_size'], child_funs_c_list: ['test_buffer_trim']
repair function list: dict_keys(['buffer_trim_right', 'equal', 'buffer_trim_left', 'buffer_trim', 'buffer_free', 'buffer_new_with_copy', 'buffer_length', 'buffer_new_with_size'])
Compilation failed for test_buffer_trim, retrying... 1/7
repair function list: dict_keys(['buffer_trim_right', 'equal', 'buffer_trim_left', 'buffer_trim', 'buffer_free', 'buffer_new_with_copy', 'buffer_length', 'buffer_new_with_size', 'test_buffer_trim'])
before_details_compile: 
repair function list: dict_keys(['quadtree_insert', 'ascent', 'quadtree_new', 'quadtree_walk', 'descent', 'quadtree_free', 'quadtree_search', 'quadtree_point_new', 'node_contains_', 'insert_', 'quadtree_point_free', 'quadtree_node_with_bounds', 'elision_', 'quadtree_node_free', 'find_'])
Compilation failed for test_tree, retrying... 1/5
repair function list: dict_keys(['quadtree_insert', 'ascent', 'quadtree_new', 'quadtree_walk', 'descent', 'quadtree_free', 'quadtree_search', 'quadtree_point_new', 'node_contains_', 'insert_', 'quadtree_point_free', 'quadtree_node_with_bounds', 'elision_', 'quadtree_node_free', 'find_', 'test_tree'])
before_details_compile: 
# Trajectory 1: 这一次修改是在`test_buffer_trim`函数中，将原来的`buffer_trim(buf.clone())`调用改为`buffer_trim(buf.clone(), is_whitespace_wrap)`，并新增了闭包`let is_whitespace_wrap = |c: &u8| *c == b' ' || *c == b'\n';`。报错信息显示类型推断失败，错误发生在`buffer_new_with_copy`调用后的map操作处，编译器无法推断`Buffer<_>`的具体类型，特别是在后续处理`buf.borrow().data.iter()`时类型必须明确。关键报错信息是"type annotations needed for `Buffer<_>`"和"type must be known at this point"。
Compilation failed for test_buffer_trim, retrying... 2/7
repair function list: dict_keys(['buffer_trim', 'test_buffer_trim'])
before_details_compile: 
all_files_list: ['test-buffer', 'buffer']
all_files:['test-buffer', 'buffer']
Processing extra insert
Total time taken for conversion: 00:07:20 seconds, Total retry count: 98, Total regenerate count: 15, Total error count:4
################################################################################################## Processing func: test_buffer_indexof
child_funs_list: ['buffer_indexof', 'buffer_free', 'buffer_new_with_copy', 'buffer_new_with_size'], child_funs_c_list: ['test_buffer_indexof']
repair function list: dict_keys(['buffer_indexof', 'buffer_free', 'buffer_new_with_copy', 'buffer_new_with_size'])
all_files_list: ['test-buffer', 'buffer']
all_files:['test-buffer', 'buffer']
Processing extra insert
# Trajectory 1: 这一次修改主要涉及test_tree函数中对quadtree_new返回值的处理。原代码将quadtree_new返回的Option<Rc<RefCell<quadtree_t<T>>>>直接包装成Rc<RefCell>>，导致嵌套层级过多。修改后的代码移除了多余的Rc<RefCell>>包装，创建了tree_rc变量来正确存储Rc<RefCell<quadtree_t<T>>>>类型，并调整了后续所有相关调用和访问。

报错信息显示多个类型不匹配错误，主要问题是：1) tree_ref.root访问失败，因为tree_ref类型是Ref<Rc<RefCell<quadtree_t>>>>而非预期类型；2) quadtree_insert和quadtree_search等函数调用时传入的类型是Rc<RefCell<Rc<RefCell<quadtree_t>>>>>而非预期的Rc<RefCell<quadtree_t>>>；3) quadtree_free函数接收了Rc<RefCell<quadtree_t>>>而非直接接收quadtree_t类型。这些错误都源于最初的Rc<RefCell>>嵌套层级错误。
Compilation failed for test_tree, retrying... 2/5
repair function list: dict_keys(['test_tree', 'quadtree_insert', 'quadtree_search', 'quadtree_free'])
before_details_compile: 
Total time taken for conversion: 00:07:29 seconds, Total retry count: 99, Total regenerate count: 15, Total error count:4
################################################################################################## Processing func: test_buffer_slice__end_overflow
child_funs_list: ['buffer_slice', 'buffer_free', 'buffer_new_with_copy', 'equal', 'buffer_new_with_size'], child_funs_c_list: ['test_buffer_slice__end_overflow']
repair function list: dict_keys(['buffer_slice', 'buffer_free', 'buffer_new_with_copy', 'equal', 'buffer_new_with_size'])
Compilation failed for test_buffer_slice__end_overflow, retrying... 1/7
repair function list: dict_keys(['buffer_slice', 'buffer_free', 'buffer_new_with_copy', 'equal', 'buffer_new_with_size', 'test_buffer_slice__end_overflow'])
before_details_compile: 
all_files_list: ['test-buffer', 'buffer']
all_files:['test-buffer', 'buffer']
Processing extra insert
Total time taken for conversion: 00:07:42 seconds, Total retry count: 100, Total regenerate count: 15, Total error count:4
################################################################################################## Processing func: test_buffer_slice__end
child_funs_list: ['buffer_slice', 'buffer_free', 'buffer_new_with_copy', 'equal', 'buffer_new_with_size'], child_funs_c_list: ['test_buffer_slice__end']
repair function list: dict_keys(['buffer_slice', 'buffer_free', 'buffer_new_with_copy', 'equal', 'buffer_new_with_size'])
all_files_list: ['test-buffer', 'buffer']
all_files:['test-buffer', 'buffer']
Processing extra insert
Total time taken for conversion: 00:07:53 seconds, Total retry count: 100, Total regenerate count: 15, Total error count:4
################################################################################################## Processing func: test_buffer_compact
child_funs_list: ['buffer_compact', 'equal', 'buffer_size', 'buffer_length', 'buffer_trim', 'buffer_free', 'buffer_new_with_copy', 'buffer_trim_left', 'buffer_trim_right', 'buffer_new_with_size'], child_funs_c_list: ['test_buffer_compact']
repair function list: dict_keys(['buffer_compact', 'equal', 'buffer_size', 'buffer_length', 'buffer_trim', 'buffer_free', 'buffer_new_with_copy', 'buffer_trim_left', 'buffer_trim_right', 'buffer_new_with_size'])
Compilation failed for test_buffer_compact, retrying... 1/7
repair function list: dict_keys(['buffer_compact', 'equal', 'buffer_size', 'buffer_length', 'buffer_trim', 'buffer_free', 'buffer_new_with_copy', 'buffer_trim_left', 'buffer_trim_right', 'buffer_new_with_size', 'test_buffer_compact'])
before_details_compile: 
# Trajectory 2: 这一次修改主要涉及两个地方的改动：首先是将`let root_ref = tree_ref.root.as_ref().unwrap().borrow()`改为先clone再borrow的形式`let root = tree_ref.root.as_ref().unwrap().clone(); let root_ref = root.borrow()`；其次是将所有`tree_rc.clone()`调用改为`Rc::clone(&tree_rc)`的形式。报错信息显示多个问题：1) 在访问root字段时出现"no field root"错误，因为tree_ref的类型是Ref<'_, Rc<RefCell<quadtree_t<_>>>>；2) 类型不匹配错误，期望的是&Rc<RefCell<quadtree_t<_>>>但得到的是&Rc<RefCell<Rc<RefCell<quadtree_t<_>>>>>；3) quadtree_free函数参数类型不匹配，期望的是quadtree_t<_>但得到的是Rc<RefCell<quadtree_t<_>>>。这些错误表明当前的修改仍未正确处理Rc和RefCell的嵌套关系以及所有权问题。
Compilation failed for test_tree, retrying... 3/5
repair function list: dict_keys(['test_tree', 'quadtree_free'])
before_details_compile: 
all_files_list: ['test-buffer', 'buffer']
all_files:['test-buffer', 'buffer']
Processing extra insert
Total time taken for conversion: 00:08:14 seconds, Total retry count: 102, Total regenerate count: 15, Total error count:4
################################################################################################## Processing func: test_buffer_slice
child_funs_list: ['buffer_slice', 'buffer_new', 'buffer_append', 'equal', 'buffer_free', 'buffer_new_with_size', 'buffer_append_n', 'buffer_resize'], child_funs_c_list: ['test_buffer_slice']
repair function list: dict_keys(['buffer_slice', 'buffer_new', 'buffer_append', 'equal', 'buffer_free', 'buffer_new_with_size', 'buffer_append_n', 'buffer_resize'])
all_files_list: ['test-buffer', 'buffer']
all_files:['test-buffer', 'buffer']
Processing extra insert
Total time taken for conversion: 00:08:24 seconds, Total retry count: 102, Total regenerate count: 15, Total error count:4
################################################################################################## Processing func: test_buffer_append__grow
child_funs_list: ['buffer_append', 'equal', 'buffer_size', 'buffer_length', 'buffer_free', 'buffer_new_with_size', 'buffer_append_n', 'buffer_resize'], child_funs_c_list: ['test_buffer_append__grow']
repair function list: dict_keys(['buffer_append', 'equal', 'buffer_size', 'buffer_length', 'buffer_free', 'buffer_new_with_size', 'buffer_append_n', 'buffer_resize'])
all_files_list: ['test-buffer', 'buffer']
all_files:['test-buffer', 'buffer']
Processing extra insert
# Trajectory 3: 这一次修改主要涉及对测试函数中quadtree_insert和quadtree_search调用方式的更改。修改前使用Rc::clone(&tree_rc)作为参数传入，修改后改为使用&tree_inner作为参数，其中tree_inner是通过tree_ref.clone()获得的。同时修改了tree_rc.borrow().clone()为tree_rc.into_inner()来释放树资源。报错信息显示两个主要问题：一是无法在Ref类型上访问root字段，提示"no field `root` on type `Ref<'_, Rc<RefCell<quadtree_t<_>>>>`"；二是类型不匹配错误，提示期望得到Rc<RefCell<quadtree_t<_>>>类型但实际得到的是其引用类型，错误信息为"expected `Rc<RefCell<quadtree_t<_>>>`, found `&Rc<RefCell<quadtree_t<_>>>`"。
Compilation failed for test_tree, retrying... 4/5
repair function list: dict_keys(['test_tree', 'quadtree_insert'])
before_details_compile: 
Total time taken for conversion: 00:08:37 seconds, Total retry count: 103, Total regenerate count: 15, Total error count:4
################################################################################################## Processing func: test_buffer_clear
child_funs_list: ['buffer_free', 'buffer_clear', 'buffer_length', 'buffer_new_with_copy', 'buffer_fill', 'buffer_new_with_size'], child_funs_c_list: ['test_buffer_clear']
repair function list: dict_keys(['buffer_free', 'buffer_clear', 'buffer_length', 'buffer_new_with_copy', 'buffer_fill', 'buffer_new_with_size'])
Compilation failed for test_buffer_clear, retrying... 1/7
repair function list: dict_keys(['buffer_free', 'buffer_clear', 'buffer_length', 'buffer_new_with_copy', 'buffer_fill', 'buffer_new_with_size', 'test_buffer_clear'])
before_details_compile: 
all_files_list: ['test-buffer', 'buffer']
all_files:['test-buffer', 'buffer']
Processing extra insert
Total time taken for conversion: 00:08:54 seconds, Total retry count: 104, Total regenerate count: 15, Total error count:4
################################################################################################## Processing func: test_buffer_equals
child_funs_list: ['buffer_free', 'buffer_equals', 'buffer_new_with_copy', 'buffer_append', 'buffer_new_with_size', 'buffer_append_n', 'buffer_resize'], child_funs_c_list: ['test_buffer_equals']
repair function list: dict_keys(['buffer_free', 'buffer_equals', 'buffer_new_with_copy', 'buffer_append', 'buffer_new_with_size', 'buffer_append_n', 'buffer_resize'])
Compilation failed for test_buffer_equals, retrying... 1/7
repair function list: dict_keys(['buffer_free', 'buffer_equals', 'buffer_new_with_copy', 'buffer_append', 'buffer_new_with_size', 'buffer_append_n', 'buffer_resize', 'test_buffer_equals'])
before_details_compile: 
Failed to parse JSON response, regenerating...
Failed to parse JSON response, skipping...
Total time taken for conversion: 00:09:01 seconds, Total retry count: 105, Total regenerate count: 15, Total error count:5
################################################################################################## Processing func: test_hex
child_funs_list: ['rgba_from_string', 'rgba_from_rgb_string', 'rgba_from_name_string', 'rgba_from_hex_string', 'rgba_from_rgba_string', 'rgba_from_rgb', 'rgba_from_hex3_string', 'rgba_from_hex6_string', 'rgba_from_rgba', 'h'], child_funs_c_list: ['test_hex']
all_files_list: ['test-buffer', 'buffer']
all_files:['test-buffer', 'buffer']
Processing extra insert
repair function list: dict_keys(['rgba_from_string', 'rgba_from_name_string', 'rgba_from_hex_string', 'rgba_from_rgb'])
# Trajectory 4: 这一次修改主要涉及对代码中Rc和RefCell引用的处理。在前面的代码中，我删除了`use std::rc::Rc;`和`use std::cell::RefCell;`这两行导入语句，导致在后续使用`Rc`类型时出现"cannot find type `Rc` in this scope"的编译错误。报错信息明确指出在定义`QuadtreeNode`结构体的`children`字段时找不到`Rc`类型，具体位置是在`Option<Rc<RefCell<QuadtreeNode<T>>>>`这个类型声明中。这表明删除这些必要的导入语句导致了Rust无法识别Rc这个智能指针类型。
Failed to compile test_tree after 5 attempts. Regenerating code...
all_files_list: ['test-rgba', 'rgba']
all_files:['test-rgba', 'rgba']
Processing extra insert
Total time taken for conversion: 00:09:10 seconds, Total retry count: 106, Total regenerate count: 15, Total error count:5
################################################################################################## Processing func: test_buffer_prepend
child_funs_list: ['buffer_new', 'buffer_prepend', 'buffer_append', 'equal', 'buffer_length', 'buffer_free', 'buffer_new_with_size', 'buffer_resize', 'buffer_append_n'], child_funs_c_list: ['test_buffer_prepend']
repair function list: dict_keys(['buffer_new', 'buffer_prepend', 'buffer_append', 'equal', 'buffer_length', 'buffer_free', 'buffer_new_with_size', 'buffer_resize', 'buffer_append_n'])
Compilation failed for test_buffer_prepend, retrying... 1/7
repair function list: dict_keys(['buffer_new', 'buffer_prepend', 'buffer_append', 'equal', 'buffer_length', 'buffer_free', 'buffer_new_with_size', 'buffer_resize', 'buffer_append_n', 'test_buffer_prepend'])
before_details_compile: 
all_files_list: ['test-buffer', 'buffer']
all_files:['test-buffer', 'buffer']
Processing extra insert
# Trajectory 1: 这一次修改主要涉及test_tree函数中的多个语句改动。我将tree的创建从直接返回Option值改为用Rc::new(RefCell::new())包装，修改了所有访问root的方式，从原来的tree_ref.root.as_ref().unwrap().clone()改为tree.borrow().root.as_ref().unwrap().borrow()，简化了bounds和point的访问方式去掉了多余的_ref后缀，将assert_eq!改为assert!并使用==比较，修改了quadtree_insert调用方式去掉了&引用，简化了quadtree_walk调用，并将quadtree_free参数改为tree.borrow().clone()。

报错信息显示多个关键问题：1) tree.borrow().root访问时提示没有root字段，因为tree的类型是Rc<RefCell<Rc<RefCell<quadtree_t>>>>产生了双重嵌套；2) quadtree_insert和quadtree_search调用时类型不匹配，期望Rc<RefCell<quadtree_t>>但得到的是Rc<RefCell<Rc<RefCell<quadtree_t>>>>；3) ascent函数参数类型不匹配，期望Rc<RefCell<QuadtreeNode>>但得到的是Rc<RefCell<quadtree_node_t>>；4) quadtree_free参数类型不匹配，期望quadtree_t但得到的是Rc<RefCell<quadtree_t>>。
Compilation failed for test_tree, retrying... 1/5
before_details_compile: 
# Trajectory 2: 这次改错过程中，我尝试修改的代码由于上下文长度超过限制而被截断，导致编译器无法正确解析代码结构。报错信息显示在文件首行遇到"上下文长度超过限制"时，编译器期望看到`!`或`::`符号，但实际上遇到了文件结束标记`<eof>`。这表明由于代码被截断，编译器无法识别任何有效的Rust语法结构，导致解析失败。错误信息明确指出问题发生在文件的第一行，且错误类型是语法解析错误。
Compilation failed for test_tree, retrying... 2/5
repair function list: dict_keys(['find_', 'quadtree_free', 'quadtree_node_with_bounds', 'quadtree_point_free', 'quadtree_node_ispointer', 'quadtree_node_free', 'descent', 'elision_', 'ascent', 'node_contains_', 'quadtree_bounds_free', 'quadtree_bounds_new', 'quadtree_node_isempty', 'quadtree_node_reset', 'quadtree_search', 'quadtree_walk', 'split_node_', 'quadtree_node_isleaf', 'quadtree_new', 'quadtree_insert', 'quadtree_node_new', 'quadtree_point_new', 'insert_', 'get_quadrant_', 'quadtree_bounds_extend', 'reset_node_', 'test_tree', 'main'])
before_details_compile: 
Total time taken for conversion: 00:09:28 seconds, Total retry count: 109, Total regenerate count: 16, Total error count:5
################################################################################################## Processing func: test_buffer_prepend_issue_15
child_funs_list: ['buffer_new', 'buffer_prepend', 'buffer_append', 'equal', 'buffer_length', 'buffer_free', 'buffer_new_with_size', 'buffer_resize', 'buffer_append_n'], child_funs_c_list: ['test_buffer_prepend_issue_15']
repair function list: dict_keys(['buffer_new', 'buffer_prepend', 'buffer_append', 'equal', 'buffer_length', 'buffer_free', 'buffer_new_with_size', 'buffer_resize', 'buffer_append_n'])
all_files_list: ['test-buffer', 'buffer']
all_files:['test-buffer', 'buffer']
Processing extra insert
Total time taken for conversion: 00:09:39 seconds, Total retry count: 109, Total regenerate count: 16, Total error count:5
################################################################################################## Processing func: test_buffer_slice__range_error
child_funs_list: ['buffer_slice', 'buffer_free', 'buffer_new_with_copy', 'buffer_new_with_size'], child_funs_c_list: ['test_buffer_slice__range_error']
repair function list: dict_keys(['buffer_slice', 'buffer_free', 'buffer_new_with_copy', 'buffer_new_with_size'])
all_files_list: ['test-buffer', 'buffer']
all_files:['test-buffer', 'buffer']
Processing extra insert
Failed to compile test_tree after 5 attempts. Regenerating code...
# Trajectory 1: 这一次修改中，我插入了一个完整的测试函数 test_tree()，其中包含了创建四叉树、插入节点、搜索节点和释放树等操作。关键改动包括：使用Rc<RefCell>包裹quadtree_new创建的树，并通过tree.borrow()访问树的内部结构；调用quadtree_insert插入多个测试点；使用quadtree_search进行搜索测试；最后调用quadtree_free释放资源。报错信息显示存在多处类型不匹配问题：所有quadtree_insert调用都因为传入的tree是Rc<RefCell<Rc<RefCell<quadtree_t>>>>而期望的是Rc<RefCell<quadtree_t>>；quadtree_search和quadtree_free也出现类似的类型不匹配；同时访问tree_ref.root时提示该字段不存在，表明对RefCell内部结构的访问方式不正确。
Compilation failed for test_tree, retrying... 1/5
before_details_compile: 
# Trajectory 2: 这一次修改中，我试图在代码开头添加了一个`pub struct QuadtreeNode<T>`的定义，但导致了语法错误。报错信息显示在第三行的`pub fn find_`函数定义处，编译器期望看到的是`!`或`::`，但遇到了意外的`pub`关键字。关键错误在于代码开头出现了非预期的结构定义和混乱的导入语句，与后续的函数定义产生了冲突，导致解析失败。报错明确指出在第三行的`pub fn find_`函数定义处出现了意外的`pub`关键字，而编译器期望的是其他符号。
Compilation failed for test_tree, retrying... 2/5
repair function list: dict_keys(['quadtree_create', 'quadtree_insert', 'quadtree_insert_node', 'split_node', 'find_', 'test_tree'])
before_details_compile: 
Failed to parse JSON response, regenerating...
Failed to parse JSON response, skipping...
Total time taken for conversion: 00:10:26 seconds, Total retry count: 111, Total regenerate count: 17, Total error count:6
################################################################################################## Processing func: test_rgba
child_funs_list: ['rgba_from_string', 'rgba_from_rgb_string', 'rgba_from_name_string', 'rgba_from_hex_string', 'rgba_from_rgba_string', 'rgba_from_rgb', 'rgba_from_hex3_string', 'rgba_from_hex6_string', 'rgba_from_rgba', 'h'], child_funs_c_list: ['test_rgba']
repair function list: dict_keys(['rgba_from_string', 'rgba_from_rgb_string'])
all_files_list: ['test-rgba', 'rgba']
all_files:['test-rgba', 'rgba']
Processing extra insert
Failed to compile test_tree after 5 attempts. Regenerating code...
Failed to parse JSON response, regenerating...
# Trajectory 1: 这一次修改主要涉及测试函数test_tree()中的多个部分改动：1) 将原先通过tree_ref和root_ref的多层访问简化为直接通过root访问，如将"let tree_ref = tree.borrow(); let root_ref = tree_ref.root.as_ref().unwrap().borrow()"改为"let root = tree.borrow().root.as_ref().unwrap().borrow()"；2) 修改了assert_eq!断言为assert!形式；3) 为quadtree_insert调用添加了Some(val.to_string())参数；4) 修改了bounds和point的断言方式。报错信息显示主要问题包括：找不到root字段（error[E0609]），类型不匹配（error[E0308]）即期望Rc<RefCell<quadtree_t>>但得到的是双重包装的Rc<RefCell<Rc<RefCell<quadtree_t>>>>，以及quadtree_free函数参数类型不匹配（期望quadtree_t但得到Rc<RefCell<quadtree_t>>）。此外还出现了QuadtreeNode与quadtree_node_t类型不匹配的问题。
Compilation failed for test_tree, retrying... 1/5
before_details_compile: 
# Trajectory 2: 这一次我修改了代码结构，移除了开头的"上下文长度超过限制"这一行无效内容，并保留了后续完整的四叉树实现代码。报错信息显示编译器在第9行遇到了意外token，错误原因是期望`!`或`::`但找到了`pub`关键字，这表明最初的代码文件开头存在非法内容导致后续结构解析失败。关键错误是"expected one of `!` or `::`, found keyword `pub`"，指出在pub fn quadtree_point_free函数定义前出现了语法解析错误。
Compilation failed for test_tree, retrying... 2/5
repair function list: dict_keys(['find_', 'quadtree_free', 'quadtree_node_with_bounds', 'quadtree_node_free', 'quadtree_node_ispointer', 'quadtree_node_isleaf', 'elision_', 'quadtree_point_free', 'test_tree'])
before_details_compile: 
Compilation failed for json processed_all_files.rs, retrying...
Compilation failed for json processed_all_files.rs, retrying...
Failed to compile test_tree after 4 regenerations. Skipping...
Compilation failed for json processed_all_files.rs, retrying...
Compilation failed for json processed_all_files.rs, retrying...
Compilation failed for json processed_all_files.rs, retrying...
Compilation failed for json processed_all_files.rs, retrying...
Compilation failed for json processed_all_files.rs, retrying...
Compilation failed for json processed_all_files.rs, retrying...
Failed to parse JSON response, skipping...
Total time taken for conversion: 00:12:03 seconds, Total retry count: 113, Total regenerate count: 18, Total error count:8
################################################################################################## Processing func: test_rgb
child_funs_list: ['rgba_from_string', 'rgba_from_rgb_string', 'rgba_from_name_string', 'rgba_from_hex_string', 'rgba_from_rgba_string', 'rgba_from_rgb', 'rgba_from_hex3_string', 'rgba_from_hex6_string', 'rgba_from_rgba', 'h'], child_funs_c_list: ['test_rgb']
repair function list: dict_keys(['rgba_from_string', 'rgba_from_rgb_string'])
all_files_list: ['test-rgba', 'rgba']
all_files:['test-rgba', 'rgba']
Processing extra insert
Total time taken for conversion: 00:13:24 seconds, Total retry count: 113, Total regenerate count: 18, Total error count:8
################################################################################################## Processing func: test_named
child_funs_list: ['rgba_from_string', 'rgba_from_rgb_string', 'rgba_from_name_string', 'rgba_from_hex_string', 'rgba_from_rgba_string', 'rgba_from_rgb', 'rgba_from_hex3_string', 'rgba_from_hex6_string', 'rgba_from_rgba', 'h'], child_funs_c_list: ['test_named']
repair function list: dict_keys(['rgba_from_string', 'rgba_from_rgb_string'])
all_files_list: ['test-rgba', 'rgba']
all_files:['test-rgba', 'rgba']
Processing extra insert
Failed to parse JSON response, regenerating...
Failed to parse JSON response, skipping...
Total time taken for conversion :00:16:10 seconds, Total retry count: 113, Total regenerate count: 18,Total error count:9, Total error funcs:[]
