
running 0 tests

test result: ok. 0 passed; 0 failed; 0 ignored; 0 measured; 0 filtered out; finished in 0.00s


running 9 tests
test test_arraylist_index_of ... ok
test test_arraylist_new_free ... ok
test test_arraylist_clear ... ok
test test_arraylist_remove ... ok
test test_arraylist_remove_range ... ok
test test_arraylist_insert ... FAILED
test test_arraylist_append ... ok
test test_arraylist_sort ... ok
test test_arraylist_prepend ... FAILED

failures:

---- test_arraylist_insert stdout ----

thread 'test_arraylist_insert' panicked at tests/test_arraylist.rs:117:5:
assertion `left == right` failed
  left: 0
 right: 4
note: run with `RUST_BACKTRACE=1` environment variable to display a backtrace

---- test_arraylist_prepend stdout ----

thread 'test_arraylist_prepend' panicked at tests/test_arraylist.rs:176:5:
assertion failed: !arraylist_prepend(&mut arraylist, 0)


failures:
    test_arraylist_insert
    test_arraylist_prepend

test result: FAILED. 7 passed; 2 failed; 0 ignored; 0 measured; 0 filtered out; finished in 0.01s


running 8 tests
test test_avl_tree_child ... FAILED
test test_avl_tree_free ... ok
test test_avl_tree_insert_lookup ... FAILED
test test_avl_tree_lookup ... ok
test test_avl_tree_new ... ok
test test_avl_tree_remove ... ok
test test_avl_tree_to_array ... ok
test test_out_of_memory ... ok

failures:

---- test_avl_tree_child stdout ----

thread 'test_avl_tree_child' panicked at tests/test_avl_tree.rs:143:5:
assertion `left == right` failed
  left: 1
 right: 2
note: run with `RUST_BACKTRACE=1` environment variable to display a backtrace

---- test_avl_tree_insert_lookup stdout ----

thread 'test_avl_tree_insert_lookup' panicked at tests/test_avl_tree.rs:57:5:
assertion failed: key > *counter


failures:
    test_avl_tree_child
    test_avl_tree_insert_lookup

test result: FAILED. 6 passed; 2 failed; 0 ignored; 0 measured; 0 filtered out; finished in 0.00s


running 5 tests
test test_max_heap ... FAILED
test test_binary_heap_insert ... FAILED
test test_out_of_memory ... FAILED
test test_min_heap ... FAILED
test test_binary_heap_new_free ... ok

failures:

---- test_max_heap stdout ----

thread 'test_max_heap' panicked at /app/test/Output/Output/test_project/src/binary_heap.rs:49:16:
index out of bounds: the len is 0 but the index is 0
note: run with `RUST_BACKTRACE=1` environment variable to display a backtrace

---- test_binary_heap_insert stdout ----

thread 'test_binary_heap_insert' panicked at /app/test/Output/Output/test_project/src/binary_heap.rs:49:16:
index out of bounds: the len is 0 but the index is 0

---- test_out_of_memory stdout ----

thread 'test_out_of_memory' panicked at /app/test/Output/Output/test_project/src/binary_heap.rs:49:16:
index out of bounds: the len is 0 but the index is 0

---- test_min_heap stdout ----

thread 'test_min_heap' panicked at /app/test/Output/Output/test_project/src/binary_heap.rs:49:16:
index out of bounds: the len is 0 but the index is 0


failures:
    test_binary_heap_insert
    test_max_heap
    test_min_heap
    test_out_of_memory

test result: FAILED. 1 passed; 4 failed; 0 ignored; 0 measured; 0 filtered out; finished in 0.00s


running 6 tests
test test_binomial_heap_new_free ... ok
test test_insert_out_of_memory ... FAILED
test test_binomial_heap_insert ... FAILED
test test_min_heap ... FAILED
test test_pop_out_of_memory ... FAILED
test test_max_heap ... FAILED

failures:

---- test_insert_out_of_memory stdout ----

thread 'test_insert_out_of_memory' panicked at tests/test_binomial_heap.rs:78:9:
assertion failed: !binomial_heap_insert(heap.as_mut().unwrap(), test_array[TEST_VALUE])
note: run with `RUST_BACKTRACE=1` environment variable to display a backtrace

---- test_binomial_heap_insert stdout ----

thread 'test_binomial_heap_insert' panicked at tests/test_binomial_heap.rs:147:5:
assertion `left == right` failed
  left: 5
 right: 10000

---- test_min_heap stdout ----

thread 'test_min_heap' panicked at tests/test_binomial_heap.rs:55:9:
assertion `left == right` failed
  left: 0
 right: 1

---- test_pop_out_of_memory stdout ----

thread 'test_pop_out_of_memory' panicked at tests/test_binomial_heap.rs:95:9:
assertion failed: binomial_heap_pop(&mut heap).is_none()

---- test_max_heap stdout ----

thread 'test_max_heap' panicked at tests/test_binomial_heap.rs:129:9:
assertion `left == right` failed
  left: 9998
 right: 9997


failures:
    test_binomial_heap_insert
    test_insert_out_of_memory
    test_max_heap
    test_min_heap
    test_pop_out_of_memory

test result: FAILED. 1 passed; 5 failed; 0 ignored; 0 measured; 0 filtered out; finished in 0.09s


running 6 tests
test test_bloom_filter_insert_query ... ok
test test_bloom_filter_intersection ... ok
test test_bloom_filter_new_free ... ok
test test_bloom_filter_mismatch ... ok
test test_bloom_filter_read_load ... ok
test test_bloom_filter_union ... ok

test result: ok. 6 passed; 0 failed; 0 ignored; 0 measured; 0 filtered out; finished in 0.00s


running 8 tests
test test_int_compare ... ok
test test_pointer_equal ... ok
test test_int_equal ... ok
test test_pointer_compare ... ok
test test_string_compare ... ok
test test_string_equal ... ok
test test_string_nocase_compare ... ok
test test_string_nocase_equal ... ok

test result: ok. 8 passed; 0 failed; 0 ignored; 0 measured; 0 filtered out; finished in 0.00s


running 2 tests
test test_int_hash ... ok
test test_pointer_hash ... ok

test result: ok. 2 passed; 0 failed; 0 ignored; 0 measured; 0 filtered out; finished in 0.00s


running 7 tests
test test_hash_iterator_key_pair ... ok
test test_hash_table_new_free ... ok
test test_hash_table_out_of_memory ... FAILED

running 12 tests
test test_list_free ... ok
test test_list_find_data ... ok
test test_list_length ... ok
test test_list_next ... ok
test test_list_nth_data ... ok
test test_list_nth_entry ... ok
test test_list_prepend ... FAILED
test test_list_iterate_bad_remove ... FAILED
test test_list_remove_entry ... FAILED
test test_list_iterate ... FAILED
test test_list_to_array ... ok
test test_list_sort ... FAILED

failures:

---- test_list_prepend stdout ----

thread 'test_list_prepend' panicked at tests/test_list.rs:288:9:
assertion `left == right` failed
  left: Some(ListEntry { data: 0, prev: None, next: None })
 right: Some(ListEntry { data: 0, prev: None, next: Some(ListEntry { data: 50, prev: Some(ListEntry { data: 0, prev: None, next: None }), next: None }) })
note: run with `RUST_BACKTRACE=1` environment variable to display a backtrace

---- test_list_iterate_bad_remove stdout ----

thread 'test_list_iterate_bad_remove' panicked at tests/test_list.rs:46:13:
assertion `left != right` failed
  left: 0
 right: 0

---- test_list_remove_entry stdout ----

thread 'test_list_remove_entry' panicked at tests/test_list.rs:324:5:
assertion failed: list_length(list.clone()) == 3

---- test_list_iterate stdout ----

thread 'test_list_iterate' panicked at tests/test_list.rs:182:5:
assertion `left == right` failed
  left: 1
 right: 50

---- test_list_sort stdout ----

thread 'test_list_sort' panicked at tests/test_list.rs:122:5:
assertion `left == right` failed
  left: 0
 right: 13


failures:
    test_list_iterate
    test_list_iterate_bad_remove
    test_list_prepend
    test_list_remove_entry
    test_list_sort

test result: FAILED. 7 passed; 5 failed; 0 ignored; 0 measured; 0 filtered out; finished in 0.00s


running 8 tests
test test_queue_is_empty ... ok
test test_queue_new_free ... ok
test test_queue_pop_tail ... FAILED
test test_queue_pop_head ... ok
test test_queue_peek_head ... ok
test test_queue_push_head ... FAILED
test test_queue_peek_tail ... FAILED
test test_queue_push_tail ... FAILED

failures:

---- test_queue_pop_tail stdout ----
Total assertions made: 8
Total assertions made: 10

---- test_queue_push_head stdout ----
Total assertions made: 12013
Total assertions made: 12014

---- test_queue_peek_tail stdout ----
Total assertions made: 7
Total assertions made: 12015

---- test_queue_push_tail stdout ----
Total assertions made: 12016
Total assertions made: 12017
Total assertions made: 12018


failures:
    test_queue_peek_tail
    test_queue_pop_tail
    test_queue_push_head
    test_queue_push_tail

test result: FAILED. 4 passed; 4 failed; 0 ignored; 0 measured; 0 filtered out; finished in 2.63s


running 8 tests
test test_out_of_memory ... FAILED
test test_rb_tree_insert_lookup ... FAILED
test test_rb_tree_free ... FAILED
test test_rb_tree_child ... FAILED
test test_rb_tree_new ... ok
test test_rb_tree_lookup ... FAILED
test test_rb_tree_remove ... FAILED
test test_rb_tree_to_array ... FAILED

failures:

---- test_out_of_memory stdout ----

thread 'test_out_of_memory' panicked at /app/test/Output/Output/test_project/src/rb_tree.rs:139:46:
called `Option::unwrap()` on a `None` value
note: run with `RUST_BACKTRACE=1` environment variable to display a backtrace

---- test_rb_tree_insert_lookup stdout ----

thread 'test_rb_tree_insert_lookup' panicked at tests/test_rb_tree.rs:255:9:
assertion failed: validate_tree(&tree)

---- test_rb_tree_free stdout ----

thread 'test_rb_tree_free' panicked at /app/test/Output/Output/test_project/src/rb_tree.rs:139:46:
called `Option::unwrap()` on a `None` value

---- test_rb_tree_child stdout ----

thread 'test_rb_tree_child' panicked at /app/test/Output/Output/test_project/src/rb_tree.rs:139:46:
called `Option::unwrap()` on a `None` value

---- test_rb_tree_lookup stdout ----

thread 'test_rb_tree_lookup' panicked at /app/test/Output/Output/test_project/src/rb_tree.rs:139:46:
called `Option::unwrap()` on a `None` value

---- test_rb_tree_remove stdout ----

thread 'test_rb_tree_remove' panicked at /app/test/Output/Output/test_project/src/rb_tree.rs:139:46:
called `Option::unwrap()` on a `None` value

---- test_rb_tree_to_array stdout ----

thread 'test_rb_tree_to_array' panicked at /app/test/Output/Output/test_project/src/rb_tree.rs:139:46:
called `Option::unwrap()` on a `None` value


failures:
    test_out_of_memory
    test_rb_tree_child
    test_rb_tree_free
    test_rb_tree_insert_lookup
    test_rb_tree_lookup
    test_rb_tree_remove
    test_rb_tree_to_array

test result: FAILED. 1 passed; 7 failed; 0 ignored; 0 measured; 0 filtered out; finished in 0.00s


running 9 tests
test test_set_intersection ... ok
test test_set_out_of_memory ... FAILED
test test_set_free_function ... ok
test test_set_to_array ... FAILED
test test_set_union ... FAILED
test test_set_new_free ... FAILED

running 12 tests
test test_slist_append ... ok
test test_slist_find_data ... ok
test test_slist_free ... ok
test test_slist_length ... ok
test test_slist_next ... ok
test test_slist_nth_data ... ok
test test_slist_nth_entry ... ok
test test_slist_prepend ... ok
test test_slist_remove_entry ... ok
test test_slist_to_array ... ok
test test_slist_sort ... FAILED
test test_slist_iterate ... FAILED

failures:

---- test_slist_sort stdout ----

thread 'test_slist_sort' panicked at tests/test_slist.rs:414:9:
assertion `left == right` failed
  left: 30
 right: 4
note: run with `RUST_BACKTRACE=1` environment variable to display a backtrace

---- test_slist_iterate stdout ----

thread 'test_slist_iterate' panicked at tests/test_slist.rs:147:5:
assertion `left == right` failed
  left: 99
 right: 50


failures:
    test_slist_iterate
    test_slist_sort

test result: FAILED. 10 passed; 2 failed; 0 ignored; 0 measured; 0 filtered out; finished in 0.00s


running 5 tests
test test_sortedarray_get ... ok
test test_sortedarray_index_of ... ok
test test_sortedarray_remove ... ok
test test_sortedarray_remove_range ... ok
test test_sortedarray_index_of_equ_key ... FAILED

failures:

---- test_sortedarray_index_of_equ_key stdout ----

thread 'test_sortedarray_index_of_equ_key' panicked at tests/test_sortedarray.rs:81:9:
assertion failed: r >= 0
note: run with `RUST_BACKTRACE=1` environment variable to display a backtrace


failures:
    test_sortedarray_index_of_equ_key

test result: FAILED. 4 passed; 1 failed; 0 ignored; 0 measured; 0 filtered out; finished in 0.00s


running 11 tests
test test_trie_insert_binary ... FAILED
test test_trie_insert_empty ... FAILED
test test_trie_insert_out_of_memory ... FAILED
test test_trie_negative_keys ... FAILED
test test_trie_new_free ... ok
test test_trie_remove_binary ... FAILED
test test_trie_free_long ... ok
test test_trie_replace ... ok
test test_trie_insert ... FAILED
test test_trie_remove ... FAILED
test test_trie_lookup ... ok

failures:

---- test_trie_insert_binary stdout ----

thread 'test_trie_insert_binary' panicked at /app/test/Output/Output/test_project/src/trie.rs:137:34:
index out of bounds: the len is 8 but the index is 8
note: run with `RUST_BACKTRACE=1` environment variable to display a backtrace

---- test_trie_insert_empty stdout ----

thread 'test_trie_insert_empty' panicked at tests/test_trie.rs:189:5:
assertion `left != right` failed
  left: 0
 right: 0

---- test_trie_insert_out_of_memory stdout ----

thread 'test_trie_insert_out_of_memory' panicked at /app/test/Output/Output/test_project/src/trie.rs:137:34:
index out of bounds: the len is 8 but the index is 8

---- test_trie_negative_keys stdout ----

thread 'test_trie_negative_keys' panicked at tests/test_trie.rs:165:38:
called `Result::unwrap()` on an `Err` value: Utf8Error { valid_up_to: 3, error_len: Some(1) }

---- test_trie_remove_binary stdout ----

thread 'test_trie_remove_binary' panicked at /app/test/Output/Output/test_project/src/trie.rs:137:34:
index out of bounds: the len is 8 but the index is 8

---- test_trie_insert stdout ----

thread 'test_trie_insert' panicked at tests/test_trie.rs:204:5:
assertion failed: !trie_insert(&mut trie, "hello world", 0)

---- test_trie_remove stdout ----

thread 'test_trie_remove' panicked at tests/test_trie.rs:231:9:
assertion failed: trie_remove(&trie, &buf)


failures:
    test_trie_insert
    test_trie_insert_binary
    test_trie_insert_empty
    test_trie_insert_out_of_memory
    test_trie_negative_keys
    test_trie_remove
    test_trie_remove_binary

test result: FAILED. 4 passed; 7 failed; 0 ignored; 0 measured; 0 filtered out; finished in 0.05s


running 0 tests

test result: ok. 0 passed; 0 failed; 0 ignored; 0 measured; 0 filtered out; finished in 0.00s

